TN:
SF:src/App.tsx
FN:6,(anonymous_0)
FNF:1
FNH:0
FNDA:0,(anonymous_0)
DA:6,0
DA:7,0
LF:2
LH:0
BRF:0
BRH:0
end_of_record
TN:
SF:src/index.tsx
FNF:0
FNH:0
DA:6,0
DA:10,0
LF:2
LH:0
BRF:0
BRH:0
end_of_record
TN:
SF:src/components/ASCIICanvas.tsx
FN:17,(anonymous_0)
FN:29,(anonymous_1)
FN:60,(anonymous_2)
FN:69,(anonymous_3)
FN:76,(anonymous_4)
FN:80,(anonymous_5)
FNF:6
FNH:0
FNDA:0,(anonymous_0)
FNDA:0,(anonymous_1)
FNDA:0,(anonymous_2)
FNDA:0,(anonymous_3)
FNDA:0,(anonymous_4)
FNDA:0,(anonymous_5)
DA:17,0
DA:23,0
DA:24,0
DA:25,0
DA:26,0
DA:29,0
DA:30,0
DA:31,0
DA:33,0
DA:35,0
DA:44,0
DA:47,0
DA:48,0
DA:49,0
DA:51,0
DA:54,0
DA:55,0
DA:56,0
DA:60,0
DA:61,0
DA:62,0
DA:63,0
DA:69,0
DA:70,0
DA:71,0
DA:76,0
DA:77,0
DA:78,0
DA:80,0
DA:81,0
DA:83,0
DA:90,0
DA:93,0
DA:95,0
DA:98,0
DA:99,0
DA:100,0
DA:104,0
DA:105,0
DA:107,0
DA:108,0
DA:114,0
DA:115,0
DA:126,0
LF:44
LH:0
BRDA:18,0,0,0
BRDA:19,1,0,0
BRDA:20,2,0,0
BRDA:21,3,0,0
BRDA:31,4,0,0
BRDA:31,4,1,0
BRDA:54,5,0,0
BRDA:54,5,1,0
BRDA:61,6,0,0
BRDA:61,6,1,0
BRDA:70,7,0,0
BRDA:70,7,1,0
BRDA:78,8,0,0
BRDA:78,8,1,0
BRDA:78,9,0,0
BRDA:78,9,1,0
BRDA:98,10,0,0
BRDA:98,10,1,0
BRDA:104,11,0,0
BRDA:104,11,1,0
BRDA:114,12,0,0
BRDA:114,12,1,0
BRF:22
BRH:0
end_of_record
TN:
SF:src/components/ASCIICanvasIntegrated.tsx
FN:20,(anonymous_0)
FN:36,(anonymous_1)
FN:79,(anonymous_2)
FN:88,(anonymous_3)
FN:95,(anonymous_4)
FN:99,(anonymous_5)
FN:126,(anonymous_6)
FN:159,(anonymous_7)
FNF:8
FNH:0
FNDA:0,(anonymous_0)
FNDA:0,(anonymous_1)
FNDA:0,(anonymous_2)
FNDA:0,(anonymous_3)
FNDA:0,(anonymous_4)
FNDA:0,(anonymous_5)
FNDA:0,(anonymous_6)
FNDA:0,(anonymous_7)
DA:20,0
DA:25,0
DA:26,0
DA:27,0
DA:28,0
DA:31,0
DA:32,0
DA:33,0
DA:36,0
DA:37,0
DA:38,0
DA:40,0
DA:42,0
DA:49,0
DA:51,0
DA:60,0
DA:61,0
DA:62,0
DA:63,0
DA:66,0
DA:67,0
DA:68,0
DA:70,0
DA:73,0
DA:74,0
DA:75,0
DA:79,0
DA:80,0
DA:81,0
DA:82,0
DA:88,0
DA:89,0
DA:90,0
DA:95,0
DA:96,0
DA:97,0
DA:99,0
DA:100,0
DA:102,0
DA:110,0
DA:111,0
DA:113,0
DA:116,0
DA:117,0
DA:118,0
DA:122,0
DA:126,0
DA:127,0
DA:128,0
DA:130,0
DA:131,0
DA:132,0
DA:134,0
DA:135,0
DA:141,0
DA:142,0
DA:159,0
DA:177,0
LF:58
LH:0
BRDA:21,0,0,0
BRDA:22,1,0,0
BRDA:23,2,0,0
BRDA:38,3,0,0
BRDA:38,3,1,0
BRDA:49,4,0,0
BRDA:49,4,1,0
BRDA:73,5,0,0
BRDA:73,5,1,0
BRDA:80,6,0,0
BRDA:80,6,1,0
BRDA:89,7,0,0
BRDA:89,7,1,0
BRDA:97,8,0,0
BRDA:97,8,1,0
BRDA:97,9,0,0
BRDA:97,9,1,0
BRDA:103,10,0,0
BRDA:103,10,1,0
BRDA:110,11,0,0
BRDA:110,11,1,0
BRDA:116,12,0,0
BRDA:116,12,1,0
BRDA:128,13,0,0
BRDA:128,13,1,0
BRDA:128,14,0,0
BRDA:128,14,1,0
BRDA:130,15,0,0
BRDA:130,15,1,0
BRDA:130,16,0,0
BRDA:130,16,1,0
BRDA:141,17,0,0
BRDA:141,17,1,0
BRF:33
BRH:0
end_of_record
TN:
SF:src/components/ConfigurationPanel.tsx
FN:15,(anonymous_0)
FN:21,(anonymous_1)
FN:26,(anonymous_2)
FN:31,(anonymous_3)
FN:36,(anonymous_4)
FN:41,(anonymous_5)
FN:46,(anonymous_6)
FN:51,(anonymous_7)
FN:56,(anonymous_8)
FN:100,(anonymous_9)
FN:109,(anonymous_10)
FN:118,(anonymous_11)
FN:138,(anonymous_12)
FN:142,(anonymous_13)
FN:158,(anonymous_14)
FN:165,(anonymous_15)
FN:179,(anonymous_16)
FN:194,(anonymous_17)
FN:222,(anonymous_18)
FN:237,(anonymous_19)
FN:254,(anonymous_20)
FN:266,(anonymous_21)
FN:286,(anonymous_22)
FN:293,(anonymous_23)
FNF:24
FNH:8
FNDA:54,(anonymous_0)
FNDA:2,(anonymous_1)
FNDA:1,(anonymous_2)
FNDA:0,(anonymous_3)
FNDA:0,(anonymous_4)
FNDA:0,(anonymous_5)
FNDA:0,(anonymous_6)
FNDA:0,(anonymous_7)
FNDA:1,(anonymous_8)
FNDA:0,(anonymous_9)
FNDA:0,(anonymous_10)
FNDA:0,(anonymous_11)
FNDA:52,(anonymous_12)
FNDA:1,(anonymous_13)
FNDA:39,(anonymous_14)
FNDA:0,(anonymous_15)
FNDA:0,(anonymous_16)
FNDA:1,(anonymous_17)
FNDA:0,(anonymous_18)
FNDA:0,(anonymous_19)
FNDA:0,(anonymous_20)
FNDA:0,(anonymous_21)
FNDA:0,(anonymous_22)
FNDA:0,(anonymous_23)
DA:15,2
DA:16,54
DA:17,54
DA:18,54
DA:21,54
DA:22,2
DA:26,54
DA:27,1
DA:31,54
DA:32,0
DA:36,54
DA:37,0
DA:41,54
DA:42,0
DA:46,54
DA:47,0
DA:51,54
DA:52,0
DA:56,54
DA:57,1
DA:68,1
DA:71,54
DA:73,13
DA:100,0
DA:109,0
DA:118,0
DA:139,52
DA:142,1
DA:159,39
DA:165,0
DA:179,0
DA:194,1
DA:222,0
DA:237,0
DA:254,0
DA:266,0
DA:287,0
DA:293,0
LF:38
LH:22
BRDA:71,0,0,41
BRDA:71,0,1,13
BRDA:96,1,0,13
BRDA:96,1,1,0
BRDA:105,2,0,0
BRDA:105,2,1,13
BRDA:114,3,0,0
BRDA:114,3,1,13
BRDA:127,4,0,13
BRDA:127,4,1,13
BRDA:141,5,0,13
BRDA:141,5,1,39
BRDA:203,6,0,13
BRDA:203,6,1,0
BRDA:275,7,0,13
BRDA:275,7,1,0
BRDA:296,8,0,0
BRDA:296,8,1,0
BRF:18
BRH:11
end_of_record
TN:
SF:src/components/ErrorBoundary.tsx
FN:15,(anonymous_0)
FN:24,(anonymous_1)
FN:29,(anonymous_2)
FN:39,(anonymous_3)
FN:88,(anonymous_4)
FNF:5
FNH:2
FNDA:20,(anonymous_0)
FNDA:0,(anonymous_1)
FNDA:0,(anonymous_2)
FNDA:40,(anonymous_3)
FNDA:0,(anonymous_4)
DA:16,20
DA:17,20
DA:26,0
DA:31,0
DA:33,0
DA:40,40
DA:42,0
DA:43,0
DA:47,0
DA:88,0
DA:106,40
LF:11
LH:4
BRDA:40,0,0,0
BRDA:40,0,1,40
BRDA:42,1,0,0
BRDA:42,1,1,0
BRDA:83,2,0,0
BRDA:83,2,1,0
BRDA:84,3,0,0
BRDA:84,3,1,0
BRF:8
BRH:1
end_of_record
TN:
SF:src/components/ErrorBoundaryEnhanced.tsx
FN:25,(anonymous_0)
FN:36,(anonymous_1)
FN:53,(anonymous_2)
FN:70,(anonymous_3)
FN:82,(anonymous_4)
FN:98,(anonymous_5)
FN:102,(anonymous_6)
FN:179,(anonymous_7)
FN:247,(anonymous_8)
FN:297,(anonymous_9)
FN:318,(anonymous_10)
FNF:11
FNH:0
FNDA:0,(anonymous_0)
FNDA:0,(anonymous_1)
FNDA:0,(anonymous_2)
FNDA:0,(anonymous_3)
FNDA:0,(anonymous_4)
FNDA:0,(anonymous_5)
FNDA:0,(anonymous_6)
FNDA:0,(anonymous_7)
FNDA:0,(anonymous_8)
FNDA:0,(anonymous_9)
FNDA:0,(anonymous_10)
DA:23,0
DA:26,0
DA:27,0
DA:38,0
DA:40,0
DA:41,0
DA:42,0
DA:43,0
DA:46,0
DA:54,0
DA:56,0
DA:62,0
DA:65,0
DA:66,0
DA:70,0
DA:72,0
DA:82,0
DA:83,0
DA:85,0
DA:86,0
DA:94,0
DA:98,0
DA:99,0
DA:102,0
DA:103,0
DA:179,0
DA:180,0
DA:247,0
DA:248,0
DA:298,0
DA:300,0
DA:301,0
DA:305,0
DA:307,0
DA:309,0
DA:311,0
DA:315,0
DA:319,0
DA:320,0
LF:39
LH:0
BRDA:40,0,0,0
BRDA:40,0,1,0
BRDA:40,1,0,0
BRDA:40,1,1,0
BRDA:42,2,0,0
BRDA:42,2,1,0
BRDA:42,3,0,0
BRDA:42,3,1,0
BRDA:65,4,0,0
BRDA:65,4,1,0
BRDA:85,5,0,0
BRDA:85,5,1,0
BRDA:134,6,0,0
BRDA:134,6,1,0
BRDA:138,7,0,0
BRDA:138,7,1,0
BRDA:298,8,0,0
BRDA:298,8,1,0
BRDA:300,9,0,0
BRDA:300,9,1,0
BRDA:305,10,0,0
BRDA:305,10,1,0
BRDA:305,10,2,0
BRDA:319,11,0,0
BRDA:319,11,1,0
BRF:25
BRH:0
end_of_record
TN:
SF:src/components/NavigationControls.tsx
FN:14,(anonymous_0)
FN:19,(anonymous_1)
FN:34,(anonymous_2)
FN:39,(anonymous_3)
FN:44,(anonymous_4)
FNF:5
FNH:5
FNDA:60,(anonymous_0)
FNDA:1,(anonymous_1)
FNDA:1,(anonymous_2)
FNDA:1,(anonymous_3)
FNDA:1,(anonymous_4)
DA:14,2
DA:15,60
DA:16,60
DA:19,60
DA:20,1
DA:21,1
DA:22,1
DA:23,1
DA:25,0
DA:26,0
DA:29,0
DA:34,60
DA:35,1
DA:39,60
DA:40,1
DA:44,60
DA:45,1
DA:48,60
DA:50,19
LF:19
LH:16
BRDA:14,0,0,0
BRDA:21,1,0,1
BRDA:21,1,1,0
BRDA:48,2,0,41
BRDA:48,2,1,19
BRDA:82,3,0,0
BRDA:82,3,1,19
BRDA:84,4,0,0
BRDA:84,4,1,19
BRDA:85,5,0,0
BRDA:85,5,1,19
BRDA:88,6,0,0
BRDA:88,6,1,19
BRDA:93,7,0,19
BRDA:93,7,1,0
BRDA:95,8,0,19
BRDA:95,8,1,0
BRDA:96,9,0,19
BRDA:96,9,1,0
BRDA:105,10,0,0
BRDA:105,10,1,19
BRDA:107,11,0,0
BRDA:107,11,1,19
BRDA:108,12,0,0
BRDA:108,12,1,19
BRDA:114,13,0,0
BRDA:114,13,1,19
BRDA:116,14,0,0
BRDA:116,14,1,19
BRDA:117,15,0,0
BRDA:117,15,1,19
BRDA:120,16,0,0
BRDA:120,16,1,19
BRDA:127,17,0,19
BRDA:127,17,1,19
BRDA:134,18,0,19
BRDA:134,18,1,0
BRDA:141,19,0,19
BRDA:141,19,1,0
BRDA:151,20,0,19
BRDA:151,20,1,0
BRDA:152,21,0,19
BRDA:152,21,1,19
BRDA:152,21,2,19
BRDA:153,22,0,19
BRDA:153,22,1,0
BRDA:154,23,0,19
BRDA:154,23,1,0
BRF:48
BRH:27
end_of_record
TN:
SF:src/components/QuoteOverlay.tsx
FN:17,(anonymous_0)
FN:32,(anonymous_1)
FN:39,(anonymous_2)
FN:44,(anonymous_3)
FN:50,(anonymous_4)
FN:53,(anonymous_5)
FN:57,(anonymous_6)
FN:65,(anonymous_7)
FN:85,(anonymous_8)
FN:93,(anonymous_9)
FNF:10
FNH:6
FNDA:5,(anonymous_0)
FNDA:5,(anonymous_1)
FNDA:0,(anonymous_2)
FNDA:0,(anonymous_3)
FNDA:0,(anonymous_4)
FNDA:0,(anonymous_5)
FNDA:5,(anonymous_6)
FNDA:5,(anonymous_7)
FNDA:5,(anonymous_8)
FNDA:5,(anonymous_9)
DA:17,1
DA:24,5
DA:25,5
DA:26,5
DA:27,5
DA:28,5
DA:29,5
DA:32,5
DA:33,5
DA:35,0
DA:36,0
DA:39,0
DA:40,0
DA:41,0
DA:44,0
DA:45,0
DA:46,0
DA:47,0
DA:50,0
DA:53,0
DA:57,5
DA:58,5
DA:59,4
DA:60,4
DA:65,5
DA:66,5
DA:73,5
DA:74,5
DA:76,5
DA:82,5
DA:85,5
DA:86,5
DA:87,4
DA:88,4
DA:89,4
DA:93,5
DA:94,5
DA:95,5
DA:97,5
DA:98,0
DA:99,0
DA:102,5
DA:105,5
DA:106,0
DA:116,5
LF:45
LH:31
BRDA:21,0,0,5
BRDA:33,1,0,5
BRDA:33,1,1,0
BRDA:33,2,0,5
BRDA:33,2,1,5
BRDA:58,3,0,4
BRDA:58,3,1,1
BRDA:58,4,0,5
BRDA:58,4,1,5
BRDA:58,4,2,5
BRDA:74,5,0,0
BRDA:74,5,1,5
BRDA:74,6,0,0
BRDA:74,6,1,5
BRDA:86,7,0,1
BRDA:86,7,1,4
BRDA:87,8,0,0
BRDA:87,8,1,4
BRDA:88,9,0,0
BRDA:88,9,1,4
BRDA:97,10,0,0
BRDA:97,10,1,5
BRDA:105,11,0,0
BRDA:105,11,1,5
BRDA:131,12,0,0
BRDA:131,12,1,5
BRDA:172,13,0,5
BRDA:172,13,1,0
BRF:28
BRH:19
end_of_record
TN:
SF:src/components/QuoteOverlayDemo.tsx
FN:9,(anonymous_0)
FN:25,(anonymous_1)
FN:28,(anonymous_2)
FN:29,(anonymous_3)
FN:32,(anonymous_4)
FN:37,(anonymous_5)
FN:38,(anonymous_6)
FN:41,(anonymous_7)
FN:42,(anonymous_8)
FN:45,(anonymous_9)
FN:49,(anonymous_10)
FN:52,(anonymous_11)
FN:56,(anonymous_12)
FN:59,(anonymous_13)
FN:63,(anonymous_14)
FN:105,(anonymous_15)
FN:119,(anonymous_16)
FN:197,(anonymous_17)
FN:197,(anonymous_18)
FNF:19
FNH:0
FNDA:0,(anonymous_0)
FNDA:0,(anonymous_1)
FNDA:0,(anonymous_2)
FNDA:0,(anonymous_3)
FNDA:0,(anonymous_4)
FNDA:0,(anonymous_5)
FNDA:0,(anonymous_6)
FNDA:0,(anonymous_7)
FNDA:0,(anonymous_8)
FNDA:0,(anonymous_9)
FNDA:0,(anonymous_10)
FNDA:0,(anonymous_11)
FNDA:0,(anonymous_12)
FNDA:0,(anonymous_13)
FNDA:0,(anonymous_14)
FNDA:0,(anonymous_15)
FNDA:0,(anonymous_16)
FNDA:0,(anonymous_17)
FNDA:0,(anonymous_18)
DA:9,0
DA:10,0
DA:11,0
DA:12,0
DA:25,0
DA:26,0
DA:28,0
DA:29,0
DA:32,0
DA:35,0
DA:37,0
DA:38,0
DA:41,0
DA:42,0
DA:45,0
DA:46,0
DA:47,0
DA:48,0
DA:49,0
DA:52,0
DA:53,0
DA:54,0
DA:55,0
DA:56,0
DA:59,0
DA:60,0
DA:61,0
DA:62,0
DA:63,0
DA:66,0
DA:105,0
DA:119,0
DA:197,0
LF:33
LH:0
BRDA:26,0,0,0
BRDA:26,0,1,0
BRDA:128,1,0,0
BRDA:128,1,1,0
BRDA:206,2,0,0
BRDA:206,2,1,0
BRF:6
BRH:0
end_of_record
TN:
SF:src/components/ScreensaverApp.tsx
FN:9,(anonymous_0)
FN:19,(anonymous_1)
FN:20,(anonymous_2)
FN:33,(anonymous_3)
FN:36,(anonymous_4)
FN:84,(anonymous_5)
FN:84,(anonymous_6)
FN:94,(anonymous_7)
FNF:8
FNH:5
FNDA:40,(anonymous_0)
FNDA:20,(anonymous_1)
FNDA:20,(anonymous_2)
FNDA:20,(anonymous_3)
FNDA:40,(anonymous_4)
FNDA:0,(anonymous_5)
FNDA:0,(anonymous_6)
FNDA:0,(anonymous_7)
DA:9,1
DA:10,40
DA:11,40
DA:13,40
DA:14,40
DA:15,40
DA:17,40
DA:19,40
DA:20,20
DA:21,20
DA:22,20
DA:24,20
DA:25,20
DA:31,20
DA:32,20
DA:33,20
DA:36,40
DA:37,40
DA:39,40
DA:40,0
DA:43,40
DA:44,40
DA:47,40
DA:50,40
DA:84,0
DA:94,0
LF:26
LH:23
BRDA:22,0,0,0
BRDA:22,0,1,20
BRDA:26,1,0,20
BRDA:26,1,1,20
BRDA:27,2,0,20
BRDA:27,2,1,20
BRDA:39,3,0,0
BRDA:39,3,1,40
BRDA:43,4,0,40
BRDA:43,4,1,0
BRDA:69,5,0,40
BRDA:69,5,1,40
BRDA:75,6,0,0
BRDA:75,6,1,40
BRDA:77,7,0,40
BRDA:77,7,1,0
BRDA:81,8,0,40
BRDA:81,8,1,40
BRF:18
BRH:13
end_of_record
TN:
SF:src/contexts/ScreensaverContext.tsx
FN:67,(anonymous_0)
FN:154,(anonymous_1)
FN:166,(anonymous_2)
FN:179,(anonymous_3)
FN:189,(anonymous_4)
FN:190,(anonymous_5)
FN:191,(anonymous_6)
FN:192,(anonymous_7)
FN:193,(anonymous_8)
FN:194,(anonymous_9)
FN:195,(anonymous_10)
FN:196,(anonymous_11)
FN:197,(anonymous_12)
FN:198,(anonymous_13)
FN:215,(anonymous_14)
FNF:15
FNH:4
FNDA:0,(anonymous_0)
FNDA:20,(anonymous_1)
FNDA:20,(anonymous_2)
FNDA:20,(anonymous_3)
FNDA:0,(anonymous_4)
FNDA:0,(anonymous_5)
FNDA:0,(anonymous_6)
FNDA:0,(anonymous_7)
FNDA:0,(anonymous_8)
FNDA:0,(anonymous_9)
FNDA:0,(anonymous_10)
FNDA:0,(anonymous_11)
FNDA:0,(anonymous_12)
FNDA:0,(anonymous_13)
FNDA:120,(anonymous_14)
DA:6,2
DA:19,2
DA:67,2
DA:71,0
DA:73,0
DA:79,0
DA:80,0
DA:87,0
DA:93,0
DA:99,0
DA:105,0
DA:106,0
DA:112,0
DA:113,0
DA:120,0
DA:123,0
DA:130,0
DA:136,0
DA:142,0
DA:147,2
DA:154,2
DA:156,20
DA:163,20
DA:166,20
DA:167,20
DA:168,20
DA:169,20
DA:170,0
DA:171,0
DA:174,0
DA:179,20
DA:180,20
DA:181,20
DA:183,0
DA:188,20
DA:189,0
DA:190,0
DA:191,0
DA:192,0
DA:193,0
DA:194,0
DA:195,0
DA:196,0
DA:197,0
DA:198,0
DA:201,20
DA:207,20
DA:215,2
DA:216,120
DA:217,120
DA:218,0
DA:220,120
LF:52
LH:21
BRDA:71,0,0,0
BRDA:71,0,1,0
BRDA:71,0,2,0
BRDA:71,0,3,0
BRDA:71,0,4,0
BRDA:71,0,5,0
BRDA:71,0,6,0
BRDA:71,0,7,0
BRDA:71,0,8,0
BRDA:71,0,9,0
BRDA:71,0,10,0
BRDA:120,1,0,0
BRDA:120,1,1,0
BRDA:169,2,0,0
BRDA:169,2,1,20
BRDA:217,3,0,0
BRDA:217,3,1,120
BRF:17
BRH:2
end_of_record
TN:
SF:src/data/quotes.js
FNF:0
FNH:0
DA:6,3
DA:502,3
DA:535,3
LF:3
LH:3
BRF:0
BRH:0
end_of_record
TN:
SF:src/hooks/useAccessibilityAnnouncements.ts
FN:22,(anonymous_0)
FN:38,(anonymous_1)
FN:81,(anonymous_2)
FN:96,(anonymous_3)
FN:107,(anonymous_4)
FN:116,(anonymous_5)
FN:120,(anonymous_6)
FN:127,(anonymous_7)
FN:136,(anonymous_8)
FN:137,(anonymous_9)
FN:142,(anonymous_10)
FN:147,(anonymous_11)
FN:153,(anonymous_12)
FN:158,(anonymous_13)
FN:175,(anonymous_14)
FN:176,(anonymous_15)
FNF:16
FNH:16
FNDA:66,(anonymous_0)
FNDA:22,(anonymous_1)
FNDA:22,(anonymous_2)
FNDA:15,(anonymous_3)
FNDA:13,(anonymous_4)
FNDA:15,(anonymous_5)
FNDA:54,(anonymous_6)
FNDA:21,(anonymous_7)
FNDA:15,(anonymous_8)
FNDA:15,(anonymous_9)
FNDA:1,(anonymous_10)
FNDA:2,(anonymous_11)
FNDA:1,(anonymous_12)
FNDA:2,(anonymous_13)
FNDA:22,(anonymous_14)
FNDA:22,(anonymous_15)
DA:22,1
DA:29,66
DA:31,66
DA:32,66
DA:33,66
DA:34,66
DA:35,66
DA:38,66
DA:40,22
DA:41,22
DA:42,22
DA:43,22
DA:44,22
DA:45,22
DA:56,22
DA:57,22
DA:61,22
DA:62,22
DA:63,22
DA:64,22
DA:65,22
DA:66,22
DA:77,22
DA:78,22
DA:81,22
DA:82,22
DA:83,21
DA:84,21
DA:85,20
DA:87,20
DA:88,20
DA:89,20
DA:96,66
DA:97,15
DA:99,15
DA:100,15
DA:102,15
DA:104,15
DA:107,15
DA:108,13
DA:109,13
DA:110,13
DA:116,15
DA:120,66
DA:121,54
DA:122,15
DA:127,66
DA:128,21
DA:131,19
DA:132,3
DA:136,19
DA:137,15
DA:142,66
DA:143,1
DA:147,66
DA:148,2
DA:149,2
DA:153,66
DA:154,1
DA:158,66
DA:159,2
DA:160,2
DA:163,2
DA:164,2
DA:166,2
DA:167,2
DA:169,2
DA:170,2
DA:175,66
DA:176,22
DA:177,22
DA:178,16
DA:183,66
LF:73
LH:73
BRDA:23,0,0,41
BRDA:26,1,0,62
BRDA:27,2,0,64
BRDA:28,3,0,47
BRDA:40,4,0,22
BRDA:40,4,1,0
BRDA:61,5,0,22
BRDA:61,5,1,0
BRDA:82,6,0,21
BRDA:82,6,1,1
BRDA:83,7,0,21
BRDA:83,7,1,0
BRDA:87,8,0,20
BRDA:87,8,1,0
BRDA:97,9,0,0
BRDA:97,9,1,15
BRDA:100,10,0,3
BRDA:100,10,1,12
BRDA:102,11,0,15
BRDA:102,11,1,0
BRDA:108,12,0,13
BRDA:108,12,1,0
BRDA:121,13,0,15
BRDA:121,13,1,39
BRDA:127,14,0,16
BRDA:128,15,0,2
BRDA:128,15,1,19
BRDA:131,16,0,3
BRDA:131,16,1,16
BRDA:148,17,0,1
BRDA:148,17,1,1
BRDA:159,18,0,2
BRDA:159,18,1,0
BRDA:166,19,0,2
BRDA:166,19,1,0
BRDA:169,20,0,2
BRDA:169,20,1,0
BRDA:177,21,0,16
BRDA:177,21,1,6
BRF:39
BRH:29
end_of_record
TN:
SF:src/hooks/useAdvancedQuoteSearch.ts
FN:61,(anonymous_0)
FN:71,(anonymous_1)
FN:76,(anonymous_2)
FN:93,(anonymous_3)
FN:96,(anonymous_4)
FN:97,(anonymous_5)
FN:108,(anonymous_6)
FN:109,(anonymous_7)
FN:121,(anonymous_8)
FN:129,(anonymous_9)
FN:130,(anonymous_10)
FN:143,(anonymous_11)
FN:149,(anonymous_12)
FN:163,(anonymous_13)
FN:164,(anonymous_14)
FN:182,(anonymous_15)
FN:195,(anonymous_16)
FN:203,(anonymous_17)
FN:211,(anonymous_18)
FN:216,(anonymous_19)
FN:222,(anonymous_20)
FN:223,(anonymous_21)
FN:228,(anonymous_22)
FN:235,(anonymous_23)
FN:239,(anonymous_24)
FN:240,(anonymous_25)
FN:246,(anonymous_26)
FN:247,(anonymous_27)
FN:265,(anonymous_28)
FN:273,(anonymous_29)
FN:286,(anonymous_30)
FN:312,(anonymous_31)
FN:313,(anonymous_32)
FN:338,(anonymous_33)
FN:340,(anonymous_34)
FN:349,(anonymous_35)
FN:353,(anonymous_36)
FN:373,(anonymous_37)
FN:374,(anonymous_38)
FN:378,(anonymous_39)
FN:383,(anonymous_40)
FN:384,(anonymous_41)
FN:385,(anonymous_42)
FN:386,(anonymous_43)
FN:392,(anonymous_44)
FN:393,(anonymous_45)
FN:394,(anonymous_46)
FNF:47
FNH:0
FNDA:0,(anonymous_0)
FNDA:0,(anonymous_1)
FNDA:0,(anonymous_2)
FNDA:0,(anonymous_3)
FNDA:0,(anonymous_4)
FNDA:0,(anonymous_5)
FNDA:0,(anonymous_6)
FNDA:0,(anonymous_7)
FNDA:0,(anonymous_8)
FNDA:0,(anonymous_9)
FNDA:0,(anonymous_10)
FNDA:0,(anonymous_11)
FNDA:0,(anonymous_12)
FNDA:0,(anonymous_13)
FNDA:0,(anonymous_14)
FNDA:0,(anonymous_15)
FNDA:0,(anonymous_16)
FNDA:0,(anonymous_17)
FNDA:0,(anonymous_18)
FNDA:0,(anonymous_19)
FNDA:0,(anonymous_20)
FNDA:0,(anonymous_21)
FNDA:0,(anonymous_22)
FNDA:0,(anonymous_23)
FNDA:0,(anonymous_24)
FNDA:0,(anonymous_25)
FNDA:0,(anonymous_26)
FNDA:0,(anonymous_27)
FNDA:0,(anonymous_28)
FNDA:0,(anonymous_29)
FNDA:0,(anonymous_30)
FNDA:0,(anonymous_31)
FNDA:0,(anonymous_32)
FNDA:0,(anonymous_33)
FNDA:0,(anonymous_34)
FNDA:0,(anonymous_35)
FNDA:0,(anonymous_36)
FNDA:0,(anonymous_37)
FNDA:0,(anonymous_38)
FNDA:0,(anonymous_39)
FNDA:0,(anonymous_40)
FNDA:0,(anonymous_41)
FNDA:0,(anonymous_42)
FNDA:0,(anonymous_43)
FNDA:0,(anonymous_44)
FNDA:0,(anonymous_45)
FNDA:0,(anonymous_46)
DA:47,1
DA:61,1
DA:65,0
DA:66,0
DA:67,0
DA:68,0
DA:71,0
DA:72,0
DA:76,0
DA:77,0
DA:78,0
DA:79,0
DA:80,0
DA:83,0
DA:84,0
DA:85,0
DA:88,0
DA:93,0
DA:94,0
DA:96,0
DA:97,0
DA:98,0
DA:99,0
DA:101,0
DA:103,0
DA:108,0
DA:109,0
DA:110,0
DA:111,0
DA:112,0
DA:114,0
DA:116,0
DA:121,0
DA:122,0
DA:123,0
DA:124,0
DA:129,0
DA:130,0
DA:131,0
DA:132,0
DA:133,0
DA:134,0
DA:136,0
DA:138,0
DA:143,0
DA:144,0
DA:146,0
DA:147,0
DA:148,0
DA:149,0
DA:151,0
DA:154,0
DA:155,0
DA:157,0
DA:158,0
DA:163,0
DA:164,0
DA:165,0
DA:166,0
DA:168,0
DA:169,0
DA:171,0
DA:172,0
DA:177,0
DA:178,0
DA:182,0
DA:183,0
DA:187,0
DA:188,0
DA:191,0
DA:195,0
DA:196,0
DA:198,0
DA:199,0
DA:203,0
DA:204,0
DA:206,0
DA:207,0
DA:210,0
DA:211,0
DA:214,0
DA:215,0
DA:216,0
DA:217,0
DA:221,0
DA:222,0
DA:223,0
DA:227,0
DA:228,0
DA:229,0
DA:234,0
DA:235,0
DA:238,0
DA:239,0
DA:240,0
DA:245,0
DA:246,0
DA:247,0
DA:248,0
DA:250,0
DA:252,0
DA:253,0
DA:256,0
DA:257,0
DA:260,0
DA:265,0
DA:266,0
DA:267,0
DA:269,0
DA:270,0
DA:271,0
DA:272,0
DA:273,0
DA:274,0
DA:277,0
DA:286,0
DA:287,0
DA:289,0
DA:294,0
DA:295,0
DA:298,0
DA:303,0
DA:304,0
DA:307,0
DA:312,0
DA:313,0
DA:314,0
DA:315,0
DA:316,0
DA:319,0
DA:324,0
DA:327,0
DA:328,0
DA:331,0
DA:333,0
DA:338,0
DA:339,0
DA:340,0
DA:342,0
DA:343,0
DA:344,0
DA:346,0
DA:347,0
DA:349,0
DA:350,0
DA:351,0
DA:353,0
DA:354,0
DA:357,0
DA:358,0
DA:361,0
DA:373,0
DA:374,0
DA:378,0
DA:379,0
DA:383,0
DA:384,0
DA:385,0
DA:386,0
DA:388,0
DA:392,0
DA:393,0
DA:394,0
DA:396,0
LF:164
LH:2
BRDA:62,0,0,0
BRDA:63,1,0,0
BRDA:79,2,0,0
BRDA:79,2,1,0
BRDA:84,3,0,0
BRDA:84,3,1,0
BRDA:94,4,0,0
BRDA:94,4,1,0
BRDA:123,5,0,0
BRDA:123,5,1,0
BRDA:144,6,0,0
BRDA:144,6,1,0
BRDA:154,7,0,0
BRDA:154,7,1,0
BRDA:157,8,0,0
BRDA:157,8,1,0
BRDA:165,9,0,0
BRDA:165,9,1,0
BRDA:168,10,0,0
BRDA:168,10,1,0
BRDA:171,11,0,0
BRDA:171,11,1,0
BRDA:177,12,0,0
BRDA:177,12,1,0
BRDA:182,13,0,0
BRDA:182,13,1,0
BRDA:187,14,0,0
BRDA:187,14,1,0
BRDA:196,15,0,0
BRDA:196,15,1,0
BRDA:210,16,0,0
BRDA:210,16,1,0
BRDA:214,17,0,0
BRDA:214,17,1,0
BRDA:221,18,0,0
BRDA:221,18,1,0
BRDA:227,19,0,0
BRDA:227,19,1,0
BRDA:227,20,0,0
BRDA:227,20,1,0
BRDA:229,21,0,0
BRDA:229,21,1,0
BRDA:234,22,0,0
BRDA:234,22,1,0
BRDA:238,23,0,0
BRDA:238,23,1,0
BRDA:245,24,0,0
BRDA:245,24,1,0
BRDA:245,25,0,0
BRDA:245,25,1,0
BRDA:248,26,0,0
BRDA:248,26,1,0
BRDA:248,27,0,0
BRDA:248,27,1,0
BRDA:248,27,2,0
BRDA:252,28,0,0
BRDA:252,28,1,0
BRDA:252,29,0,0
BRDA:252,29,1,0
BRDA:256,30,0,0
BRDA:256,30,1,0
BRDA:256,31,0,0
BRDA:256,31,1,0
BRDA:269,32,0,0
BRDA:269,32,1,0
BRDA:271,33,0,0
BRDA:271,33,1,0
BRDA:272,34,0,0
BRDA:272,34,1,0
BRDA:273,35,0,0
BRDA:273,35,1,0
BRDA:274,36,0,0
BRDA:274,36,1,0
BRDA:281,37,0,0
BRDA:281,37,1,0
BRDA:287,38,0,0
BRDA:287,38,1,0
BRDA:287,38,2,0
BRDA:287,38,3,0
BRDA:287,38,4,0
BRDA:287,38,5,0
BRDA:287,38,6,0
BRDA:289,39,0,0
BRDA:289,39,1,0
BRDA:295,40,0,0
BRDA:295,40,1,0
BRDA:298,41,0,0
BRDA:298,41,1,0
BRDA:304,42,0,0
BRDA:304,42,1,0
BRDA:307,43,0,0
BRDA:307,43,1,0
BRDA:314,44,0,0
BRDA:314,44,1,0
BRDA:314,45,0,0
BRDA:314,45,1,0
BRDA:314,45,2,0
BRDA:315,46,0,0
BRDA:315,46,1,0
BRDA:315,47,0,0
BRDA:315,47,1,0
BRDA:315,47,2,0
BRDA:316,48,0,0
BRDA:316,48,1,0
BRDA:327,49,0,0
BRDA:327,49,1,0
BRDA:350,50,0,0
BRDA:350,50,1,0
BRDA:351,51,0,0
BRDA:351,51,1,0
BRDA:354,52,0,0
BRDA:354,52,1,0
BRDA:367,53,0,0
BRDA:367,53,1,0
BRDA:368,54,0,0
BRDA:368,54,1,0
BRF:116
BRH:0
end_of_record
TN:
SF:src/hooks/useConfigPersistence.ts
FN:76,(anonymous_0)
FN:118,(anonymous_1)
FN:157,(anonymous_2)
FN:169,(anonymous_3)
FN:178,(anonymous_4)
FN:200,(anonymous_5)
FN:209,(anonymous_6)
FN:217,(anonymous_7)
FN:249,(anonymous_8)
FN:284,(anonymous_9)
FN:305,(anonymous_10)
FN:339,(anonymous_11)
FN:345,(anonymous_12)
FN:361,(anonymous_13)
FN:377,(anonymous_14)
FN:386,(anonymous_15)
FN:394,(anonymous_16)
FNF:17
FNH:15
FNDA:34,(anonymous_0)
FNDA:0,(anonymous_1)
FNDA:135,(anonymous_2)
FNDA:47,(anonymous_3)
FNDA:44,(anonymous_4)
FNDA:0,(anonymous_5)
FNDA:78,(anonymous_6)
FNDA:26,(anonymous_7)
FNDA:26,(anonymous_8)
FNDA:2,(anonymous_9)
FNDA:3,(anonymous_10)
FNDA:1,(anonymous_11)
FNDA:1,(anonymous_12)
FNDA:2,(anonymous_13)
FNDA:12,(anonymous_14)
FNDA:26,(anonymous_15)
FNDA:65,(anonymous_16)
DA:5,5
DA:52,5
DA:60,5
DA:63,5
DA:76,5
DA:77,34
DA:79,34
DA:80,306
DA:82,306
DA:83,0
DA:84,0
DA:87,306
DA:89,34
DA:90,34
DA:91,34
DA:93,0
DA:95,34
DA:98,102
DA:99,102
DA:102,170
DA:103,167
DA:105,3
DA:107,170
DA:110,0
DA:114,34
DA:118,5
DA:119,0
DA:122,0
DA:126,0
DA:127,0
DA:129,0
DA:130,0
DA:132,0
DA:136,0
DA:139,0
DA:157,5
DA:158,135
DA:159,135
DA:160,135
DA:161,114
DA:162,114
DA:164,21
DA:169,5
DA:170,47
DA:171,47
DA:173,0
DA:174,0
DA:178,5
DA:179,44
DA:180,44
DA:181,44
DA:183,0
DA:184,0
DA:185,0
DA:192,0
DA:200,5
DA:201,0
DA:202,0
DA:204,0
DA:209,5
DA:212,78
DA:213,78
DA:214,78
DA:217,78
DA:218,26
DA:219,4
DA:220,4
DA:223,22
DA:224,22
DA:225,22
DA:227,22
DA:228,22
DA:231,0
DA:232,0
DA:235,0
DA:239,0
DA:240,0
DA:242,0
DA:243,0
DA:244,0
DA:249,78
DA:250,26
DA:251,5
DA:252,5
DA:253,5
DA:256,21
DA:257,21
DA:258,21
DA:260,21
DA:261,0
DA:262,0
DA:266,21
DA:268,21
DA:269,0
DA:270,0
DA:273,21
DA:274,21
DA:276,0
DA:277,0
DA:278,0
DA:279,0
DA:284,78
DA:285,2
DA:286,0
DA:287,0
DA:288,0
DA:291,2
DA:297,2
DA:298,2
DA:299,0
DA:301,2
DA:305,78
DA:306,3
DA:307,0
DA:308,0
DA:309,0
DA:312,3
DA:313,3
DA:314,3
DA:315,3
DA:318,0
DA:319,0
DA:320,0
DA:322,0
DA:323,0
DA:325,0
DA:326,0
DA:329,0
DA:331,0
DA:332,0
DA:333,0
DA:334,0
DA:339,78
DA:340,1
DA:341,1
DA:345,78
DA:346,1
DA:347,1
DA:353,1
DA:355,0
DA:356,0
DA:361,78
DA:362,2
DA:363,2
DA:364,1
DA:366,1
DA:367,1
DA:369,1
DA:370,1
DA:371,1
DA:372,1
DA:377,78
DA:378,12
DA:379,12
DA:381,12
DA:382,12
DA:386,78
DA:387,26
DA:388,26
DA:389,26
DA:390,26
DA:394,78
DA:395,65
DA:396,12
DA:400,78
LF:165
LH:106
BRDA:82,0,0,0
BRDA:82,0,1,306
BRDA:82,1,0,306
BRDA:82,1,1,306
BRDA:87,2,0,34
BRDA:87,2,1,102
BRDA:87,2,2,170
BRDA:87,2,3,0
BRDA:89,3,0,34
BRDA:89,3,1,0
BRDA:89,4,0,34
BRDA:89,4,1,34
BRDA:90,5,0,34
BRDA:90,5,1,0
BRDA:90,6,0,34
BRDA:90,6,1,0
BRDA:102,7,0,167
BRDA:102,7,1,3
BRDA:102,8,0,170
BRDA:102,8,1,170
BRDA:102,8,2,170
BRDA:122,9,0,0
BRDA:122,9,1,0
BRDA:126,10,0,0
BRDA:126,10,1,0
BRDA:129,11,0,0
BRDA:129,11,1,0
BRDA:183,12,0,0
BRDA:183,12,1,0
BRDA:184,13,0,0
BRDA:184,13,1,0
BRDA:184,14,0,0
BRDA:184,14,1,0
BRDA:210,15,0,78
BRDA:218,16,0,4
BRDA:218,16,1,22
BRDA:227,17,0,22
BRDA:227,17,1,0
BRDA:232,18,0,0
BRDA:232,18,1,0
BRDA:235,19,0,0
BRDA:235,19,1,0
BRDA:250,20,0,5
BRDA:250,20,1,21
BRDA:260,21,0,0
BRDA:260,21,1,21
BRDA:268,22,0,0
BRDA:268,22,1,21
BRDA:285,23,0,0
BRDA:285,23,1,2
BRDA:298,24,0,0
BRDA:298,24,1,2
BRDA:306,25,0,0
BRDA:306,25,1,3
BRDA:314,26,0,3
BRDA:314,26,1,0
BRDA:325,27,0,0
BRDA:325,27,1,0
BRDA:395,28,0,12
BRDA:395,28,1,53
BRDA:395,29,0,65
BRDA:395,29,1,39
BRF:62
BRH:32
end_of_record
TN:
SF:src/hooks/useCustomQuotes.ts
FN:32,(anonymous_0)
FN:40,(anonymous_1)
FN:44,(anonymous_2)
FN:45,(anonymous_3)
FN:56,(anonymous_4)
FN:62,(anonymous_5)
FN:68,(anonymous_6)
FN:72,(anonymous_7)
FN:80,(anonymous_8)
FN:93,(anonymous_9)
FN:99,(anonymous_10)
FN:111,(anonymous_11)
FN:142,(anonymous_12)
FN:163,(anonymous_13)
FN:166,(anonymous_14)
FN:173,(anonymous_15)
FN:178,(anonymous_16)
FN:183,(anonymous_17)
FN:206,(anonymous_18)
FN:218,(anonymous_19)
FN:219,(anonymous_20)
FN:221,(anonymous_21)
FN:229,(anonymous_22)
FN:238,(anonymous_23)
FN:250,(anonymous_24)
FN:251,(anonymous_25)
FN:255,(anonymous_26)
FN:267,(anonymous_27)
FN:269,(anonymous_28)
FN:277,(anonymous_29)
FN:288,(anonymous_30)
FN:294,(anonymous_31)
FN:299,(anonymous_32)
FN:305,(anonymous_33)
FN:313,(anonymous_34)
FN:323,(anonymous_35)
FN:334,(anonymous_36)
FN:340,(anonymous_37)
FN:343,(anonymous_38)
FN:354,(anonymous_39)
FN:355,(anonymous_40)
FN:361,(anonymous_41)
FN:363,(anonymous_42)
FN:367,(anonymous_43)
FN:368,(anonymous_44)
FNF:45
FNH:24
FNDA:27,(anonymous_0)
FNDA:8,(anonymous_1)
FNDA:8,(anonymous_2)
FNDA:8,(anonymous_3)
FNDA:0,(anonymous_4)
FNDA:0,(anonymous_5)
FNDA:8,(anonymous_6)
FNDA:0,(anonymous_7)
FNDA:11,(anonymous_8)
FNDA:0,(anonymous_9)
FNDA:1,(anonymous_10)
FNDA:10,(anonymous_11)
FNDA:12,(anonymous_12)
FNDA:6,(anonymous_13)
FNDA:0,(anonymous_14)
FNDA:0,(anonymous_15)
FNDA:0,(anonymous_16)
FNDA:0,(anonymous_17)
FNDA:6,(anonymous_18)
FNDA:2,(anonymous_19)
FNDA:2,(anonymous_20)
FNDA:0,(anonymous_21)
FNDA:0,(anonymous_22)
FNDA:2,(anonymous_23)
FNDA:1,(anonymous_24)
FNDA:1,(anonymous_25)
FNDA:1,(anonymous_26)
FNDA:1,(anonymous_27)
FNDA:0,(anonymous_28)
FNDA:1,(anonymous_29)
FNDA:0,(anonymous_30)
FNDA:1,(anonymous_31)
FNDA:0,(anonymous_32)
FNDA:1,(anonymous_33)
FNDA:0,(anonymous_34)
FNDA:1,(anonymous_35)
FNDA:0,(anonymous_36)
FNDA:1,(anonymous_37)
FNDA:1,(anonymous_38)
FNDA:0,(anonymous_39)
FNDA:0,(anonymous_40)
FNDA:0,(anonymous_41)
FNDA:0,(anonymous_42)
FNDA:0,(anonymous_43)
FNDA:0,(anonymous_44)
DA:27,2
DA:28,2
DA:29,2
DA:30,2
DA:32,2
DA:33,27
DA:40,27
DA:41,8
DA:44,27
DA:45,8
DA:47,8
DA:48,8
DA:49,8
DA:50,0
DA:51,0
DA:54,0
DA:56,0
DA:62,0
DA:68,8
DA:71,0
DA:72,0
DA:80,27
DA:81,11
DA:82,11
DA:89,11
DA:90,11
DA:92,0
DA:93,0
DA:94,0
DA:99,27
DA:100,1
DA:111,27
DA:112,10
DA:115,10
DA:116,0
DA:117,10
DA:118,1
DA:119,9
DA:120,0
DA:124,10
DA:125,0
DA:126,10
DA:127,0
DA:128,10
DA:129,0
DA:133,10
DA:134,0
DA:138,10
DA:139,0
DA:140,10
DA:141,0
DA:142,12
DA:143,0
DA:147,10
DA:148,0
DA:152,10
DA:153,0
DA:156,10
DA:163,27
DA:165,6
DA:166,0
DA:167,0
DA:171,6
DA:172,6
DA:173,0
DA:174,0
DA:178,6
DA:179,0
DA:182,6
DA:183,0
DA:184,0
DA:188,6
DA:202,6
DA:203,6
DA:205,6
DA:206,6
DA:211,6
DA:214,0
DA:218,27
DA:219,2
DA:220,2
DA:221,0
DA:222,0
DA:225,2
DA:226,2
DA:228,2
DA:229,0
DA:230,0
DA:233,2
DA:234,2
DA:236,2
DA:237,2
DA:238,2
DA:243,2
DA:246,0
DA:250,27
DA:251,1
DA:252,1
DA:254,1
DA:255,1
DA:260,1
DA:263,0
DA:267,27
DA:268,1
DA:269,0
DA:270,0
DA:273,1
DA:277,27
DA:278,1
DA:279,1
DA:285,1
DA:287,0
DA:288,0
DA:289,0
DA:294,27
DA:295,1
DA:296,1
DA:298,1
DA:299,0
DA:300,0
DA:303,1
DA:305,1
DA:312,1
DA:313,0
DA:314,0
DA:317,1
DA:321,1
DA:322,1
DA:323,1
DA:328,1
DA:331,0
DA:333,0
DA:334,0
DA:335,0
DA:340,27
DA:341,1
DA:342,1
DA:343,1
DA:348,1
DA:350,0
DA:354,27
DA:355,0
DA:356,0
DA:361,27
DA:362,0
DA:363,0
DA:367,27
DA:368,0
DA:371,27
LF:149
LH:95
BRDA:49,0,0,0
BRDA:49,0,1,8
BRDA:51,1,0,0
BRDA:51,1,1,0
BRDA:58,2,0,0
BRDA:58,2,1,0
BRDA:101,3,0,1
BRDA:101,3,1,1
BRDA:101,3,2,1
BRDA:101,3,3,1
BRDA:101,3,4,1
BRDA:101,3,5,1
BRDA:115,4,0,0
BRDA:115,4,1,10
BRDA:115,5,0,10
BRDA:115,5,1,10
BRDA:117,6,0,1
BRDA:117,6,1,9
BRDA:119,7,0,0
BRDA:119,7,1,9
BRDA:124,8,0,0
BRDA:124,8,1,10
BRDA:124,9,0,10
BRDA:124,9,1,10
BRDA:126,10,0,0
BRDA:126,10,1,10
BRDA:128,11,0,0
BRDA:128,11,1,10
BRDA:133,12,0,0
BRDA:133,12,1,10
BRDA:133,13,0,10
BRDA:133,13,1,10
BRDA:138,14,0,0
BRDA:138,14,1,10
BRDA:140,15,0,0
BRDA:140,15,1,10
BRDA:142,16,0,0
BRDA:142,16,1,10
BRDA:142,17,0,12
BRDA:142,17,1,12
BRDA:147,18,0,0
BRDA:147,18,1,10
BRDA:147,19,0,10
BRDA:147,19,1,10
BRDA:147,19,2,10
BRDA:152,20,0,0
BRDA:152,20,1,10
BRDA:152,21,0,10
BRDA:152,21,1,8
BRDA:165,22,0,0
BRDA:165,22,1,6
BRDA:172,23,0,0
BRDA:172,23,1,6
BRDA:182,24,0,0
BRDA:182,24,1,6
BRDA:194,25,0,6
BRDA:194,25,1,0
BRDA:195,26,0,6
BRDA:195,26,1,0
BRDA:205,27,0,6
BRDA:205,27,1,0
BRDA:220,28,0,0
BRDA:220,28,1,2
BRDA:228,29,0,0
BRDA:228,29,1,2
BRDA:237,30,0,2
BRDA:237,30,1,0
BRDA:254,31,0,1
BRDA:254,31,1,0
BRDA:268,32,0,0
BRDA:268,32,1,1
BRDA:268,33,0,1
BRDA:268,33,1,1
BRDA:294,34,0,0
BRDA:298,35,0,0
BRDA:298,35,1,1
BRDA:312,36,0,0
BRDA:312,36,1,1
BRDA:317,37,0,0
BRDA:317,37,1,1
BRDA:322,38,0,1
BRDA:322,38,1,0
BRDA:342,39,0,1
BRDA:342,39,1,0
BRDA:356,40,0,0
BRDA:356,40,1,0
BRDA:361,41,0,0
BRF:87
BRH:51
end_of_record
TN:
SF:src/hooks/useFavoritesPersistence.ts
FN:8,(anonymous_0)
FN:21,(anonymous_1)
FN:43,(anonymous_2)
FN:50,(anonymous_3)
FN:59,(anonymous_4)
FN:71,(anonymous_5)
FN:79,(anonymous_6)
FN:87,(anonymous_7)
FN:96,(anonymous_8)
FN:101,(anonymous_9)
FN:106,(anonymous_10)
FN:112,(anonymous_11)
FN:113,(anonymous_12)
FN:119,(anonymous_13)
FNF:14
FNH:13
FNDA:25,(anonymous_0)
FNDA:49,(anonymous_1)
FNDA:86,(anonymous_2)
FNDA:25,(anonymous_3)
FNDA:68,(anonymous_4)
FNDA:27,(anonymous_5)
FNDA:2,(anonymous_6)
FNDA:2,(anonymous_7)
FNDA:14,(anonymous_8)
FNDA:1,(anonymous_9)
FNDA:0,(anonymous_10)
FNDA:2,(anonymous_11)
FNDA:11,(anonymous_12)
FNDA:1,(anonymous_13)
DA:5,2
DA:8,2
DA:9,25
DA:10,25
DA:11,25
DA:13,0
DA:14,0
DA:16,0
DA:17,0
DA:21,2
DA:22,49
DA:23,49
DA:24,49
DA:25,44
DA:27,5
DA:28,0
DA:34,5
DA:43,2
DA:44,86
DA:45,86
DA:46,86
DA:47,86
DA:50,86
DA:51,25
DA:52,25
DA:53,25
DA:54,25
DA:55,25
DA:59,86
DA:60,68
DA:61,18
DA:62,18
DA:63,2
DA:65,16
DA:71,86
DA:72,27
DA:73,27
DA:74,27
DA:75,27
DA:79,86
DA:80,2
DA:81,2
DA:82,2
DA:83,2
DA:87,86
DA:88,2
DA:89,1
DA:91,1
DA:96,86
DA:97,14
DA:101,86
DA:102,1
DA:106,86
DA:107,0
DA:108,0
DA:112,86
DA:113,11
DA:114,2
DA:115,2
DA:119,86
DA:120,1
DA:123,86
LF:62
LH:55
BRDA:11,0,0,25
BRDA:11,0,1,0
BRDA:14,1,0,0
BRDA:14,1,1,0
BRDA:27,2,0,0
BRDA:27,2,1,5
BRDA:27,3,0,5
BRDA:27,3,1,0
BRDA:60,4,0,18
BRDA:60,4,1,50
BRDA:60,5,0,68
BRDA:60,5,1,43
BRDA:62,6,0,2
BRDA:62,6,1,16
BRDA:88,7,0,1
BRDA:88,7,1,1
BRF:16
BRH:11
end_of_record
TN:
SF:src/hooks/useFocusManagement.ts
FN:26,(anonymous_0)
FN:61,(anonymous_1)
FN:69,(anonymous_2)
FN:98,(anonymous_3)
FN:106,(anonymous_4)
FN:115,(anonymous_5)
FN:124,(anonymous_6)
FN:135,(anonymous_7)
FN:155,(anonymous_8)
FN:160,(anonymous_9)
FN:189,(anonymous_10)
FN:196,(anonymous_11)
FN:213,(anonymous_12)
FN:214,(anonymous_13)
FN:222,(anonymous_14)
FN:239,(anonymous_15)
FN:247,(anonymous_16)
FN:255,(anonymous_17)
FNF:18
FNH:11
FNDA:29,(anonymous_0)
FNDA:9,(anonymous_1)
FNDA:8,(anonymous_2)
FNDA:6,(anonymous_3)
FNDA:0,(anonymous_4)
FNDA:0,(anonymous_5)
FNDA:0,(anonymous_6)
FNDA:1,(anonymous_7)
FNDA:0,(anonymous_8)
FNDA:0,(anonymous_9)
FNDA:29,(anonymous_10)
FNDA:29,(anonymous_11)
FNDA:29,(anonymous_12)
FNDA:29,(anonymous_13)
FNDA:29,(anonymous_14)
FNDA:0,(anonymous_15)
FNDA:0,(anonymous_16)
FNDA:1,(anonymous_17)
DA:26,1
DA:35,29
DA:37,29
DA:38,29
DA:39,29
DA:40,29
DA:43,29
DA:61,29
DA:62,9
DA:64,8
DA:69,8
DA:71,8
DA:72,8
DA:76,0
DA:77,0
DA:81,0
DA:82,0
DA:83,0
DA:86,0
DA:89,8
DA:92,8
DA:93,8
DA:94,8
DA:98,29
DA:99,6
DA:100,0
DA:101,0
DA:106,29
DA:107,0
DA:108,0
DA:109,0
DA:110,0
DA:115,29
DA:116,0
DA:118,0
DA:119,0
DA:120,0
DA:124,29
DA:125,0
DA:127,0
DA:130,0
DA:131,0
DA:135,29
DA:136,1
DA:138,1
DA:140,1
DA:144,0
DA:147,1
DA:148,0
DA:149,0
DA:150,0
DA:155,29
DA:156,0
DA:160,29
DA:161,0
DA:163,0
DA:164,0
DA:165,0
DA:168,0
DA:169,0
DA:171,0
DA:173,0
DA:174,0
DA:175,0
DA:176,0
DA:180,0
DA:181,0
DA:182,0
DA:183,0
DA:189,29
DA:190,29
DA:191,8
DA:196,29
DA:197,29
DA:198,8
DA:200,8
DA:201,2
DA:202,1
DA:204,1
DA:207,6
DA:213,29
DA:214,29
DA:215,29
DA:216,8
DA:222,29
DA:223,29
DA:224,29
DA:227,28
DA:228,28
DA:236,0
DA:239,0
DA:240,0
DA:241,0
DA:242,0
DA:245,0
DA:247,0
DA:248,0
DA:249,0
DA:250,0
DA:255,29
DA:256,1
DA:259,29
LF:102
LH:52
BRDA:28,0,0,20
BRDA:31,1,0,21
BRDA:32,2,0,28
BRDA:34,3,0,28
BRDA:62,4,0,1
BRDA:62,4,1,8
BRDA:71,5,0,8
BRDA:71,5,1,0
BRDA:71,6,0,8
BRDA:71,6,1,8
BRDA:76,7,0,0
BRDA:76,7,1,0
BRDA:81,8,0,0
BRDA:81,8,1,0
BRDA:82,9,0,0
BRDA:82,9,1,0
BRDA:82,10,0,0
BRDA:82,10,1,0
BRDA:99,11,0,0
BRDA:99,11,1,6
BRDA:107,12,0,0
BRDA:107,12,1,0
BRDA:116,13,0,0
BRDA:116,13,1,0
BRDA:125,14,0,0
BRDA:125,14,1,0
BRDA:127,15,0,0
BRDA:127,15,1,0
BRDA:138,16,0,1
BRDA:138,16,1,0
BRDA:140,17,0,1
BRDA:140,17,1,0
BRDA:140,17,2,0
BRDA:147,18,0,0
BRDA:147,18,1,1
BRDA:147,19,0,1
BRDA:147,19,1,1
BRDA:161,20,0,0
BRDA:161,20,1,0
BRDA:161,21,0,0
BRDA:161,21,1,0
BRDA:163,22,0,0
BRDA:163,22,1,0
BRDA:171,23,0,0
BRDA:171,23,1,0
BRDA:173,24,0,0
BRDA:173,24,1,0
BRDA:180,25,0,0
BRDA:180,25,1,0
BRDA:190,26,0,8
BRDA:190,26,1,21
BRDA:190,27,0,29
BRDA:190,27,1,8
BRDA:197,28,0,8
BRDA:197,28,1,21
BRDA:200,29,0,2
BRDA:200,29,1,6
BRDA:201,30,0,1
BRDA:201,30,1,1
BRDA:215,31,0,8
BRDA:215,31,1,21
BRDA:215,32,0,29
BRDA:215,32,1,29
BRDA:224,33,0,1
BRDA:224,33,1,28
BRF:65
BRH:31
end_of_record
TN:
SF:src/hooks/useFocusMode.ts
FN:35,(anonymous_0)
FN:46,(anonymous_1)
FN:51,(anonymous_2)
FN:62,(anonymous_3)
FN:75,(anonymous_4)
FN:76,(anonymous_5)
FN:115,(anonymous_6)
FN:116,(anonymous_7)
FN:137,(anonymous_8)
FN:155,(anonymous_9)
FN:172,(anonymous_10)
FN:174,(anonymous_11)
FN:178,(anonymous_12)
FN:179,(anonymous_13)
FN:187,(anonymous_14)
FNF:15
FNH:12
FNDA:10,(anonymous_0)
FNDA:5,(anonymous_1)
FNDA:0,(anonymous_2)
FNDA:2,(anonymous_3)
FNDA:3,(anonymous_4)
FNDA:3,(anonymous_5)
FNDA:2,(anonymous_6)
FNDA:2,(anonymous_7)
FNDA:2,(anonymous_8)
FNDA:0,(anonymous_9)
FNDA:10,(anonymous_10)
FNDA:10,(anonymous_11)
FNDA:5,(anonymous_12)
FNDA:0,(anonymous_13)
FNDA:5,(anonymous_14)
DA:25,2
DA:35,2
DA:39,10
DA:46,10
DA:47,5
DA:48,5
DA:49,5
DA:50,0
DA:51,0
DA:57,0
DA:62,10
DA:63,2
DA:64,2
DA:70,0
DA:75,10
DA:76,3
DA:77,3
DA:79,3
DA:81,2
DA:88,2
DA:94,2
DA:101,1
DA:102,1
DA:105,1
DA:115,10
DA:116,2
DA:117,2
DA:118,2
DA:121,2
DA:122,0
DA:129,2
DA:137,10
DA:138,2
DA:139,1
DA:142,1
DA:144,1
DA:155,10
DA:156,0
DA:158,0
DA:159,0
DA:162,0
DA:163,0
DA:164,0
DA:166,0
DA:167,0
DA:172,10
DA:173,10
DA:174,10
DA:178,10
DA:179,5
DA:180,0
DA:181,0
DA:182,0
DA:186,5
DA:187,5
DA:190,10
LF:56
LH:40
BRDA:49,0,0,0
BRDA:49,0,1,5
BRDA:79,1,0,2
BRDA:79,1,1,1
BRDA:101,2,0,1
BRDA:101,2,1,0
BRDA:121,3,0,0
BRDA:121,3,1,2
BRDA:125,4,0,0
BRDA:125,4,1,0
BRDA:138,5,0,1
BRDA:138,5,1,1
BRDA:145,6,0,0
BRDA:145,6,1,1
BRDA:146,7,0,0
BRDA:146,7,1,1
BRDA:147,8,0,0
BRDA:147,8,1,1
BRDA:156,9,0,0
BRDA:156,9,1,0
BRDA:162,10,0,0
BRDA:162,10,1,0
BRDA:163,11,0,0
BRDA:163,11,1,0
BRDA:164,12,0,0
BRDA:164,12,1,0
BRDA:166,13,0,0
BRDA:166,13,1,0
BRDA:166,14,0,0
BRDA:166,14,1,0
BRDA:180,15,0,0
BRDA:180,15,1,0
BRDA:180,16,0,0
BRDA:180,16,1,0
BRDA:180,16,2,0
BRDA:180,16,3,0
BRF:36
BRH:10
end_of_record
TN:
SF:src/hooks/useFullscreen.ts
FN:21,(anonymous_0)
FN:40,(anonymous_1)
FN:61,(anonymous_2)
FN:82,(anonymous_3)
FN:93,(anonymous_4)
FN:108,(anonymous_5)
FN:123,(anonymous_6)
FN:132,(anonymous_7)
FN:133,(anonymous_8)
FN:154,(anonymous_9)
FN:161,(anonymous_10)
FN:162,(anonymous_11)
FN:169,(anonymous_12)
FN:170,(anonymous_13)
FN:182,(anonymous_14)
FN:186,(anonymous_15)
FN:187,(anonymous_16)
FNF:17
FNH:16
FNDA:14,(anonymous_0)
FNDA:3,(anonymous_1)
FNDA:2,(anonymous_2)
FNDA:19,(anonymous_3)
FNDA:8,(anonymous_4)
FNDA:2,(anonymous_5)
FNDA:4,(anonymous_6)
FNDA:7,(anonymous_7)
FNDA:10,(anonymous_8)
FNDA:28,(anonymous_9)
FNDA:7,(anonymous_10)
FNDA:28,(anonymous_11)
FNDA:7,(anonymous_12)
FNDA:0,(anonymous_13)
FNDA:28,(anonymous_14)
FNDA:7,(anonymous_15)
FNDA:28,(anonymous_16)
DA:21,3
DA:25,14
DA:26,14
DA:29,14
DA:37,14
DA:40,14
DA:41,3
DA:42,3
DA:43,3
DA:44,0
DA:45,0
DA:46,0
DA:47,0
DA:48,0
DA:49,0
DA:51,0
DA:54,1
DA:55,1
DA:56,1
DA:61,14
DA:62,2
DA:63,2
DA:64,2
DA:65,0
DA:66,0
DA:67,0
DA:68,0
DA:69,0
DA:70,0
DA:72,0
DA:75,0
DA:76,0
DA:77,0
DA:82,14
DA:83,19
DA:93,14
DA:94,8
DA:95,5
DA:96,5
DA:97,5
DA:100,3
DA:101,0
DA:104,3
DA:108,14
DA:109,2
DA:110,0
DA:111,0
DA:112,0
DA:115,2
DA:116,0
DA:119,2
DA:123,14
DA:124,4
DA:125,0
DA:127,4
DA:132,14
DA:133,7
DA:134,10
DA:135,10
DA:137,10
DA:139,10
DA:140,2
DA:142,8
DA:147,7
DA:154,7
DA:155,28
DA:159,7
DA:161,7
DA:162,7
DA:163,28
DA:169,14
DA:170,7
DA:171,0
DA:172,0
DA:175,7
DA:182,7
DA:183,28
DA:186,7
DA:187,7
DA:188,28
DA:193,14
LF:81
LH:56
BRDA:23,0,0,0
BRDA:30,1,0,14
BRDA:30,1,1,3
BRDA:30,1,2,3
BRDA:30,1,3,3
BRDA:37,2,0,14
BRDA:37,2,1,14
BRDA:42,3,0,3
BRDA:42,3,1,0
BRDA:44,4,0,0
BRDA:44,4,1,0
BRDA:46,5,0,0
BRDA:46,5,1,0
BRDA:48,6,0,0
BRDA:48,6,1,0
BRDA:63,7,0,2
BRDA:63,7,1,0
BRDA:65,8,0,0
BRDA:65,8,1,0
BRDA:67,9,0,0
BRDA:67,9,1,0
BRDA:69,10,0,0
BRDA:69,10,1,0
BRDA:84,11,0,19
BRDA:84,11,1,15
BRDA:84,11,2,15
BRDA:84,11,3,15
BRDA:84,11,4,15
BRDA:94,12,0,5
BRDA:94,12,1,3
BRDA:100,13,0,0
BRDA:100,13,1,3
BRDA:109,14,0,0
BRDA:109,14,1,2
BRDA:115,15,0,0
BRDA:115,15,1,2
BRDA:124,16,0,0
BRDA:124,16,1,4
BRDA:139,17,0,2
BRDA:139,17,1,8
BRF:40
BRH:21
end_of_record
TN:
SF:src/hooks/useInactivityDetector.ts
FN:24,(anonymous_0)
FN:41,(anonymous_1)
FN:53,(anonymous_2)
FN:55,(anonymous_3)
FN:63,(anonymous_4)
FN:65,(anonymous_5)
FN:78,(anonymous_6)
FN:90,(anonymous_7)
FN:96,(anonymous_8)
FN:104,(anonymous_9)
FN:113,(anonymous_10)
FN:115,(anonymous_11)
FN:126,(anonymous_12)
FN:128,(anonymous_13)
FN:138,(anonymous_14)
FN:139,(anonymous_15)
FN:151,(anonymous_16)
FNF:17
FNH:17
FNDA:48,(anonymous_0)
FNDA:115,(anonymous_1)
FNDA:58,(anonymous_2)
FNDA:24,(anonymous_3)
FNDA:8,(anonymous_4)
FNDA:8,(anonymous_5)
FNDA:22,(anonymous_6)
FNDA:6,(anonymous_7)
FNDA:6,(anonymous_8)
FNDA:3,(anonymous_9)
FNDA:46,(anonymous_10)
FNDA:312,(anonymous_11)
FNDA:46,(anonymous_12)
FNDA:312,(anonymous_13)
FNDA:28,(anonymous_14)
FNDA:3,(anonymous_15)
FNDA:28,(anonymous_16)
DA:24,3
DA:34,48
DA:36,48
DA:37,48
DA:38,48
DA:41,48
DA:42,115
DA:43,58
DA:44,58
DA:46,115
DA:47,8
DA:48,8
DA:53,48
DA:54,58
DA:55,58
DA:56,24
DA:57,24
DA:58,24
DA:63,48
DA:65,8
DA:66,8
DA:67,1
DA:68,1
DA:70,7
DA:74,8
DA:78,48
DA:80,22
DA:81,1
DA:85,21
DA:86,13
DA:90,21
DA:91,6
DA:96,48
DA:97,6
DA:98,6
DA:99,6
DA:100,6
DA:104,48
DA:105,3
DA:106,3
DA:107,3
DA:109,3
DA:113,48
DA:115,46
DA:116,312
DA:123,46
DA:126,46
DA:128,46
DA:129,312
DA:133,46
DA:138,48
DA:139,28
DA:140,3
DA:142,2
DA:145,1
DA:149,28
DA:151,28
DA:152,28
DA:156,48
LF:59
LH:59
BRDA:26,0,0,11
BRDA:29,1,0,16
BRDA:30,2,0,44
BRDA:31,3,0,40
BRDA:42,4,0,58
BRDA:42,4,1,57
BRDA:46,5,0,8
BRDA:46,5,1,107
BRDA:66,6,0,1
BRDA:66,6,1,7
BRDA:80,7,0,1
BRDA:80,7,1,21
BRDA:80,8,0,22
BRDA:80,8,1,22
BRDA:85,9,0,13
BRDA:85,9,1,8
BRDA:140,10,0,2
BRDA:140,10,1,1
BRF:18
BRH:18
end_of_record
TN:
SF:src/hooks/useKeyboardNavigation.ts
FN:24,(anonymous_0)
FN:42,(anonymous_1)
FN:55,(anonymous_2)
FN:70,(anonymous_3)
FN:91,(anonymous_4)
FN:245,(anonymous_5)
FN:251,(anonymous_6)
FN:259,(anonymous_7)
FNF:8
FNH:7
FNDA:28,(anonymous_0)
FNDA:23,(anonymous_1)
FNDA:4,(anonymous_2)
FNDA:3,(anonymous_3)
FNDA:26,(anonymous_4)
FNDA:28,(anonymous_5)
FNDA:0,(anonymous_6)
FNDA:27,(anonymous_7)
DA:24,1
DA:34,28
DA:36,28
DA:37,28
DA:38,28
DA:39,28
DA:42,28
DA:43,23
DA:44,12
DA:45,12
DA:55,28
DA:56,4
DA:57,4
DA:58,2
DA:59,2
DA:61,2
DA:62,2
DA:65,0
DA:70,28
DA:72,3
DA:73,2
DA:74,2
DA:75,2
DA:77,0
DA:82,3
DA:83,3
DA:87,3
DA:91,28
DA:92,26
DA:95,26
DA:96,3
DA:100,23
DA:101,23
DA:102,4
DA:106,19
DA:109,19
DA:112,19
DA:116,4
DA:117,3
DA:118,3
DA:119,3
DA:121,4
DA:124,1
DA:125,1
DA:126,1
DA:127,1
DA:129,1
DA:133,0
DA:134,0
DA:136,0
DA:138,0
DA:141,0
DA:142,0
DA:144,0
DA:146,0
DA:150,2
DA:151,2
DA:152,2
DA:153,1
DA:156,1
DA:158,2
DA:160,2
DA:165,3
DA:166,2
DA:167,2
DA:168,2
DA:170,3
DA:174,3
DA:175,3
DA:176,3
DA:177,3
DA:179,3
DA:183,1
DA:184,1
DA:185,1
DA:186,1
DA:188,1
DA:192,3
DA:193,3
DA:194,3
DA:195,3
DA:197,3
DA:202,1
DA:203,1
DA:205,1
DA:206,1
DA:208,1
DA:212,1
DA:213,1
DA:215,1
DA:216,1
DA:218,1
DA:222,0
DA:226,19
DA:227,16
DA:245,28
DA:246,28
DA:248,27
DA:251,27
DA:252,0
DA:253,0
DA:256,27
DA:257,27
DA:259,27
DA:260,27
DA:261,27
DA:262,27
DA:266,28
LF:108
LH:95
BRDA:25,0,0,11
BRDA:28,1,0,24
BRDA:29,2,0,24
BRDA:30,3,0,23
BRDA:31,4,0,25
BRDA:33,5,0,28
BRDA:43,6,0,11
BRDA:43,6,1,12
BRDA:46,7,0,12
BRDA:46,7,1,8
BRDA:46,7,2,7
BRDA:46,7,3,7
BRDA:46,7,4,6
BRDA:57,8,0,2
BRDA:57,8,1,2
BRDA:72,9,0,2
BRDA:72,9,1,1
BRDA:82,10,0,3
BRDA:82,10,1,0
BRDA:95,11,0,3
BRDA:95,11,1,23
BRDA:95,12,0,26
BRDA:95,12,1,25
BRDA:95,12,2,24
BRDA:101,13,0,4
BRDA:101,13,1,19
BRDA:101,14,0,23
BRDA:101,14,1,6
BRDA:112,15,0,3
BRDA:112,15,1,4
BRDA:112,15,2,1
BRDA:112,15,3,0
BRDA:112,15,4,0
BRDA:112,15,5,2
BRDA:112,15,6,2
BRDA:112,15,7,3
BRDA:112,15,8,3
BRDA:112,15,9,1
BRDA:112,15,10,1
BRDA:112,15,11,3
BRDA:112,15,12,1
BRDA:112,15,13,1
BRDA:112,15,14,1
BRDA:112,15,15,1
BRDA:112,15,16,0
BRDA:116,16,0,3
BRDA:116,16,1,1
BRDA:116,17,0,4
BRDA:116,17,1,3
BRDA:124,18,0,1
BRDA:124,18,1,0
BRDA:124,19,0,1
BRDA:124,19,1,1
BRDA:133,20,0,0
BRDA:133,20,1,0
BRDA:141,21,0,0
BRDA:141,21,1,0
BRDA:150,22,0,2
BRDA:150,22,1,0
BRDA:152,23,0,1
BRDA:152,23,1,1
BRDA:165,24,0,2
BRDA:165,24,1,1
BRDA:165,25,0,3
BRDA:165,25,1,2
BRDA:174,26,0,3
BRDA:174,26,1,0
BRDA:183,27,0,1
BRDA:183,27,1,0
BRDA:183,28,0,1
BRDA:183,28,1,1
BRDA:192,29,0,3
BRDA:192,29,1,0
BRDA:202,30,0,1
BRDA:202,30,1,0
BRDA:212,31,0,1
BRDA:212,31,1,0
BRDA:226,32,0,16
BRDA:226,32,1,3
BRDA:246,33,0,1
BRDA:246,33,1,27
BRF:81
BRH:66
end_of_record
TN:
SF:src/hooks/usePageVisibility.ts
FN:18,(anonymous_0)
FN:28,(anonymous_1)
FN:42,(anonymous_2)
FN:54,(anonymous_3)
FNF:4
FNH:4
FNDA:34,(anonymous_0)
FNDA:28,(anonymous_1)
FNDA:19,(anonymous_2)
FNDA:18,(anonymous_3)
DA:18,3
DA:21,34
DA:23,34
DA:24,34
DA:28,34
DA:29,28
DA:30,28
DA:32,28
DA:33,28
DA:35,28
DA:36,18
DA:38,10
DA:42,34
DA:44,19
DA:45,1
DA:46,1
DA:49,18
DA:52,18
DA:54,18
DA:55,18
DA:59,34
LF:21
LH:21
BRDA:19,0,0,8
BRDA:35,1,0,18
BRDA:35,1,1,10
BRDA:44,2,0,1
BRDA:44,2,1,18
BRF:5
BRH:5
end_of_record
TN:
SF:src/hooks/useScreensaverActivation.ts
FN:26,(anonymous_0)
FN:47,(anonymous_1)
FN:59,(anonymous_2)
FN:71,(anonymous_3)
FN:91,(anonymous_4)
FN:103,(anonymous_5)
FN:119,(anonymous_6)
FN:126,(anonymous_7)
FN:133,(anonymous_8)
FN:140,(anonymous_9)
FN:154,(anonymous_10)
FN:155,(anonymous_11)
FN:161,(anonymous_12)
FN:162,(anonymous_13)
FN:175,(anonymous_14)
FNF:15
FNH:1
FNDA:64,(anonymous_0)
FNDA:0,(anonymous_1)
FNDA:0,(anonymous_2)
FNDA:0,(anonymous_3)
FNDA:0,(anonymous_4)
FNDA:0,(anonymous_5)
FNDA:0,(anonymous_6)
FNDA:0,(anonymous_7)
FNDA:0,(anonymous_8)
FNDA:0,(anonymous_9)
FNDA:0,(anonymous_10)
FNDA:0,(anonymous_11)
FNDA:0,(anonymous_12)
FNDA:0,(anonymous_13)
FNDA:0,(anonymous_14)
DA:26,1
DA:36,64
DA:38,64
DA:39,64
DA:40,64
DA:42,64
DA:43,64
DA:44,64
DA:47,64
DA:48,0
DA:49,0
DA:50,0
DA:52,0
DA:53,0
DA:54,0
DA:59,64
DA:60,0
DA:61,0
DA:62,0
DA:63,0
DA:66,0
DA:68,0
DA:70,0
DA:71,0
DA:72,0
DA:76,0
DA:77,0
DA:78,0
DA:80,0
DA:82,0
DA:83,0
DA:85,0
DA:91,64
DA:92,0
DA:94,0
DA:95,0
DA:97,0
DA:100,0
DA:103,0
DA:104,0
DA:105,0
DA:106,0
DA:108,0
DA:110,0
DA:111,0
DA:113,0
DA:119,64
DA:120,0
DA:121,0
DA:126,64
DA:127,0
DA:128,0
DA:133,64
DA:134,0
DA:135,0
DA:140,64
DA:141,0
DA:142,0
DA:147,64
DA:154,0
DA:155,0
DA:156,0
DA:161,0
DA:162,0
DA:163,0
DA:165,0
DA:166,0
DA:167,0
DA:169,0
DA:173,0
DA:175,0
DA:176,0
DA:180,0
LF:73
LH:16
BRDA:27,0,0,16
BRDA:30,1,0,64
BRDA:31,2,0,20
BRDA:48,3,0,0
BRDA:48,3,1,0
BRDA:52,4,0,0
BRDA:52,4,1,0
BRDA:68,5,0,0
BRDA:68,5,1,0
BRDA:70,6,0,0
BRDA:70,6,1,0
BRDA:77,7,0,0
BRDA:77,7,1,0
BRDA:82,8,0,0
BRDA:82,8,1,0
BRDA:105,9,0,0
BRDA:105,9,1,0
BRDA:110,10,0,0
BRDA:110,10,1,0
BRDA:120,11,0,0
BRDA:120,11,1,0
BRDA:120,12,0,0
BRDA:120,12,1,0
BRDA:127,13,0,0
BRDA:127,13,1,0
BRDA:127,14,0,0
BRDA:127,14,1,0
BRDA:134,15,0,0
BRDA:134,15,1,0
BRDA:134,16,0,0
BRDA:134,16,1,0
BRDA:141,17,0,0
BRDA:141,17,1,0
BRDA:141,18,0,0
BRDA:141,18,1,0
BRDA:163,19,0,0
BRDA:163,19,1,0
BRDA:163,20,0,0
BRDA:163,20,1,0
BRDA:163,20,2,0
BRDA:167,21,0,0
BRDA:167,21,1,0
BRDA:167,22,0,0
BRDA:167,22,1,0
BRF:44
BRH:3
end_of_record
TN:
SF:src/hooks/useScreensaverControls.ts
FN:28,(anonymous_0)
FN:60,(anonymous_1)
FN:105,(anonymous_2)
FN:110,(anonymous_3)
FNF:4
FNH:4
FNDA:31,(anonymous_0)
FNDA:11,(anonymous_1)
FNDA:27,(anonymous_2)
FNDA:25,(anonymous_3)
DA:28,2
DA:38,31
DA:47,31
DA:54,31
DA:60,31
DA:61,11
DA:64,11
DA:65,6
DA:66,6
DA:67,6
DA:69,4
DA:71,6
DA:75,5
DA:76,2
DA:77,2
DA:81,2
DA:82,1
DA:83,1
DA:84,1
DA:86,0
DA:89,2
DA:93,3
DA:94,2
DA:95,2
DA:96,2
DA:98,0
DA:100,2
DA:105,31
DA:106,27
DA:108,25
DA:110,25
DA:111,25
DA:115,31
LF:33
LH:31
BRDA:29,0,0,17
BRDA:37,1,0,28
BRDA:61,2,0,0
BRDA:61,2,1,11
BRDA:64,3,0,6
BRDA:64,3,1,5
BRDA:75,4,0,2
BRDA:75,4,1,3
BRDA:75,5,0,5
BRDA:75,5,1,3
BRDA:77,6,0,2
BRDA:77,6,1,1
BRDA:77,6,2,1
BRDA:81,7,0,1
BRDA:81,7,1,1
BRDA:93,8,0,2
BRDA:93,8,1,1
BRDA:93,9,0,3
BRDA:93,9,1,3
BRDA:106,10,0,2
BRDA:106,10,1,25
BRF:21
BRH:20
end_of_record
TN:
SF:src/hooks/useSettingsExportImport.ts
FN:63,(anonymous_0)
FN:72,(anonymous_1)
FN:77,(anonymous_2)
FN:84,(anonymous_3)
FN:159,(anonymous_4)
FN:283,(anonymous_5)
FN:315,(anonymous_6)
FN:339,(anonymous_7)
FN:353,(anonymous_8)
FN:367,(anonymous_9)
FNF:10
FNH:0
FNDA:0,(anonymous_0)
FNDA:0,(anonymous_1)
FNDA:0,(anonymous_2)
FNDA:0,(anonymous_3)
FNDA:0,(anonymous_4)
FNDA:0,(anonymous_5)
FNDA:0,(anonymous_6)
FNDA:0,(anonymous_7)
FNDA:0,(anonymous_8)
FNDA:0,(anonymous_9)
DA:49,1
DA:57,1
DA:63,1
DA:64,0
DA:65,0
DA:66,0
DA:67,0
DA:69,0
DA:72,0
DA:73,0
DA:77,0
DA:78,0
DA:79,0
DA:80,0
DA:84,0
DA:85,0
DA:86,0
DA:87,0
DA:89,0
DA:90,0
DA:91,0
DA:105,0
DA:106,0
DA:110,0
DA:111,0
DA:115,0
DA:116,0
DA:117,0
DA:118,0
DA:119,0
DA:124,0
DA:125,0
DA:126,0
DA:127,0
DA:128,0
DA:131,0
DA:137,0
DA:139,0
DA:141,0
DA:144,0
DA:145,0
DA:147,0
DA:149,0
DA:150,0
DA:151,0
DA:152,0
DA:154,0
DA:159,0
DA:163,0
DA:164,0
DA:165,0
DA:167,0
DA:178,0
DA:179,0
DA:182,0
DA:183,0
DA:186,0
DA:187,0
DA:190,0
DA:191,0
DA:192,0
DA:193,0
DA:194,0
DA:199,0
DA:200,0
DA:202,0
DA:206,0
DA:207,0
DA:208,0
DA:209,0
DA:210,0
DA:211,0
DA:216,0
DA:217,0
DA:218,0
DA:223,0
DA:224,0
DA:225,0
DA:230,0
DA:231,0
DA:232,0
DA:237,0
DA:238,0
DA:239,0
DA:243,0
DA:247,0
DA:253,0
DA:254,0
DA:256,0
DA:261,0
DA:262,0
DA:263,0
DA:265,0
DA:268,0
DA:269,0
DA:272,0
DA:273,0
DA:274,0
DA:275,0
DA:276,0
DA:278,0
DA:283,0
DA:284,0
DA:285,0
DA:286,0
DA:289,0
DA:290,0
DA:291,0
DA:292,0
DA:295,0
DA:296,0
DA:297,0
DA:298,0
DA:299,0
DA:300,0
DA:303,0
DA:305,0
DA:306,0
DA:308,0
DA:309,0
DA:310,0
DA:315,0
DA:319,0
DA:320,0
DA:321,0
DA:323,0
DA:324,0
DA:325,0
DA:339,0
DA:340,0
DA:341,0
DA:343,0
DA:344,0
DA:345,0
DA:347,0
DA:348,0
DA:353,0
DA:354,0
DA:355,0
DA:357,0
DA:358,0
DA:359,0
DA:361,0
DA:362,0
DA:367,0
DA:376,0
DA:377,0
DA:378,0
DA:381,0
DA:382,0
DA:383,0
DA:393,0
DA:394,0
DA:398,0
LF:154
LH:3
BRDA:77,0,0,0
BRDA:79,1,0,0
BRDA:79,1,1,0
BRDA:84,2,0,0
BRDA:105,3,0,0
BRDA:105,3,1,0
BRDA:110,4,0,0
BRDA:110,4,1,0
BRDA:115,5,0,0
BRDA:115,5,1,0
BRDA:117,6,0,0
BRDA:117,6,1,0
BRDA:119,7,0,0
BRDA:119,7,1,0
BRDA:124,8,0,0
BRDA:124,8,1,0
BRDA:127,9,0,0
BRDA:127,9,1,0
BRDA:128,10,0,0
BRDA:128,10,1,0
BRDA:137,11,0,0
BRDA:137,11,1,0
BRDA:149,12,0,0
BRDA:149,12,1,0
BRDA:161,13,0,0
BRDA:182,14,0,0
BRDA:182,14,1,0
BRDA:182,15,0,0
BRDA:182,15,1,0
BRDA:190,16,0,0
BRDA:190,16,1,0
BRDA:190,17,0,0
BRDA:190,17,1,0
BRDA:192,18,0,0
BRDA:192,18,1,0
BRDA:199,19,0,0
BRDA:199,19,1,0
BRDA:199,20,0,0
BRDA:199,20,1,0
BRDA:200,21,0,0
BRDA:200,21,1,0
BRDA:208,22,0,0
BRDA:208,22,1,0
BRDA:210,23,0,0
BRDA:210,23,1,0
BRDA:216,24,0,0
BRDA:216,24,1,0
BRDA:223,25,0,0
BRDA:223,25,1,0
BRDA:223,26,0,0
BRDA:223,26,1,0
BRDA:230,27,0,0
BRDA:230,27,1,0
BRDA:237,28,0,0
BRDA:237,28,1,0
BRDA:237,29,0,0
BRDA:237,29,1,0
BRDA:239,30,0,0
BRDA:239,30,1,0
BRDA:240,31,0,0
BRDA:240,31,1,0
BRDA:243,32,0,0
BRDA:243,32,1,0
BRDA:261,33,0,0
BRDA:261,33,1,0
BRDA:272,34,0,0
BRDA:272,34,1,0
BRDA:283,35,0,0
BRDA:285,36,0,0
BRDA:285,36,1,0
BRDA:317,37,0,0
BRDA:323,38,0,0
BRDA:323,38,1,0
BRDA:343,39,0,0
BRDA:343,39,1,0
BRDA:357,40,0,0
BRDA:357,40,1,0
BRDA:367,41,0,0
BRDA:377,42,0,0
BRDA:377,42,1,0
BRDA:386,43,0,0
BRDA:386,43,1,0
BRDA:387,44,0,0
BRDA:387,44,1,0
BRDA:388,45,0,0
BRDA:388,45,1,0
BRDA:389,46,0,0
BRDA:389,46,1,0
BRF:88
BRH:0
end_of_record
TN:
SF:src/hooks/useSimpleConfigPersistence.ts
FN:21,(anonymous_0)
FN:27,(anonymous_1)
FN:43,(anonymous_2)
FN:57,(anonymous_3)
FN:63,(anonymous_4)
FN:68,(anonymous_5)
FNF:6
FNH:6
FNDA:16,(anonymous_0)
FNDA:6,(anonymous_1)
FNDA:4,(anonymous_2)
FNDA:3,(anonymous_3)
FNDA:1,(anonymous_4)
FNDA:6,(anonymous_5)
DA:5,1
DA:18,1
DA:21,1
DA:22,16
DA:23,16
DA:24,16
DA:27,16
DA:28,6
DA:29,6
DA:30,6
DA:31,0
DA:32,0
DA:34,6
DA:36,0
DA:37,0
DA:38,0
DA:43,16
DA:44,4
DA:45,4
DA:46,3
DA:47,3
DA:48,3
DA:50,1
DA:51,1
DA:52,1
DA:57,16
DA:58,3
DA:59,3
DA:63,16
DA:64,1
DA:68,16
DA:69,6
DA:70,6
DA:71,6
DA:74,16
LF:35
LH:30
BRDA:30,0,0,0
BRDA:30,0,1,6
BRF:2
BRH:1
end_of_record
TN:
SF:src/test-config/jest.config.js
FNF:0
FNH:0
DA:1,0
LF:1
LH:0
BRF:0
BRH:0
end_of_record
TN:
SF:src/types/index.ts
FNF:0
FNH:0
LF:0
LH:0
BRF:0
BRH:0
end_of_record
TN:
SF:src/utils/ASCIIPatternEngine.ts
FN:58,(anonymous_0)
FN:108,(anonymous_1)
FN:133,(anonymous_2)
FN:149,(anonymous_3)
FN:152,(anonymous_4)
FN:154,(anonymous_5)
FN:172,(anonymous_6)
FN:217,(anonymous_7)
FN:228,(anonymous_8)
FN:268,(anonymous_9)
FN:286,(anonymous_10)
FN:300,(anonymous_11)
FN:365,(anonymous_12)
FN:385,(anonymous_13)
FN:393,(anonymous_14)
FN:409,(anonymous_15)
FN:427,(anonymous_16)
FN:441,(anonymous_17)
FN:453,(anonymous_18)
FN:460,(anonymous_19)
FN:467,(anonymous_20)
FN:474,(anonymous_21)
FN:486,(anonymous_22)
FN:489,(anonymous_23)
FN:497,(anonymous_24)
FN:510,(anonymous_25)
FN:517,(anonymous_26)
FN:524,(anonymous_27)
FN:531,(anonymous_28)
FN:538,(anonymous_29)
FN:571,(anonymous_30)
FN:578,(anonymous_31)
FN:585,(anonymous_32)
FN:592,(anonymous_33)
FN:593,(anonymous_34)
FN:616,(anonymous_35)
FN:647,(anonymous_36)
FN:662,(anonymous_37)
FN:677,(anonymous_38)
FN:684,(anonymous_39)
FN:691,(anonymous_40)
FN:698,(anonymous_41)
FN:707,(anonymous_42)
FN:714,(anonymous_43)
FN:721,(anonymous_44)
FN:728,(anonymous_45)
FNF:46
FNH:2
FNDA:107,(anonymous_0)
FNDA:0,(anonymous_1)
FNDA:0,(anonymous_2)
FNDA:0,(anonymous_3)
FNDA:0,(anonymous_4)
FNDA:0,(anonymous_5)
FNDA:0,(anonymous_6)
FNDA:0,(anonymous_7)
FNDA:0,(anonymous_8)
FNDA:0,(anonymous_9)
FNDA:0,(anonymous_10)
FNDA:0,(anonymous_11)
FNDA:0,(anonymous_12)
FNDA:0,(anonymous_13)
FNDA:0,(anonymous_14)
FNDA:0,(anonymous_15)
FNDA:0,(anonymous_16)
FNDA:0,(anonymous_17)
FNDA:0,(anonymous_18)
FNDA:0,(anonymous_19)
FNDA:0,(anonymous_20)
FNDA:0,(anonymous_21)
FNDA:0,(anonymous_22)
FNDA:0,(anonymous_23)
FNDA:0,(anonymous_24)
FNDA:0,(anonymous_25)
FNDA:0,(anonymous_26)
FNDA:0,(anonymous_27)
FNDA:0,(anonymous_28)
FNDA:0,(anonymous_29)
FNDA:0,(anonymous_30)
FNDA:0,(anonymous_31)
FNDA:0,(anonymous_32)
FNDA:46,(anonymous_33)
FNDA:0,(anonymous_34)
FNDA:0,(anonymous_35)
FNDA:0,(anonymous_36)
FNDA:0,(anonymous_37)
FNDA:0,(anonymous_38)
FNDA:0,(anonymous_39)
FNDA:0,(anonymous_40)
FNDA:0,(anonymous_41)
FNDA:0,(anonymous_42)
FNDA:0,(anonymous_43)
FNDA:0,(anonymous_44)
FNDA:0,(anonymous_45)
DA:30,107
DA:31,107
DA:32,107
DA:33,107
DA:34,107
DA:39,107
DA:40,107
DA:41,107
DA:50,107
DA:53,107
DA:54,107
DA:55,107
DA:56,107
DA:59,107
DA:62,107
DA:63,64
DA:64,18
DA:66,46
DA:69,46
DA:82,46
DA:88,46
DA:91,46
DA:94,46
DA:95,46
DA:96,0
DA:98,0
DA:99,0
DA:102,0
DA:110,0
DA:111,0
DA:112,0
DA:115,0
DA:118,0
DA:120,0
DA:121,0
DA:135,0
DA:136,0
DA:139,0
DA:142,0
DA:143,0
DA:152,0
DA:153,0
DA:154,0
DA:155,0
DA:160,0
DA:161,0
DA:162,0
DA:165,0
DA:173,0
DA:174,0
DA:177,0
DA:178,0
DA:181,0
DA:182,0
DA:185,0
DA:186,0
DA:189,0
DA:192,0
DA:193,0
DA:194,0
DA:197,0
DA:200,0
DA:201,0
DA:204,0
DA:205,0
DA:218,0
DA:220,0
DA:221,0
DA:233,0
DA:235,0
DA:237,0
DA:245,0
DA:246,0
DA:248,0
DA:250,0
DA:253,0
DA:261,0
DA:264,0
DA:265,0
DA:268,0
DA:269,0
DA:270,0
DA:274,0
DA:275,0
DA:278,0
DA:279,0
DA:287,0
DA:288,0
DA:291,0
DA:292,0
DA:293,0
DA:296,0
DA:297,0
DA:300,0
DA:302,0
DA:303,0
DA:306,0
DA:307,0
DA:311,0
DA:314,0
DA:315,0
DA:316,0
DA:320,0
DA:323,0
DA:326,0
DA:328,0
DA:330,0
DA:331,0
DA:334,0
DA:336,0
DA:337,0
DA:338,0
DA:342,0
DA:344,0
DA:345,0
DA:346,0
DA:352,0
DA:355,0
DA:357,0
DA:358,0
DA:366,0
DA:367,0
DA:368,0
DA:369,0
DA:372,0
DA:373,0
DA:376,0
DA:377,0
DA:386,0
DA:387,0
DA:399,0
DA:400,0
DA:403,0
DA:411,0
DA:412,0
DA:416,0
DA:417,0
DA:421,0
DA:428,0
DA:429,0
DA:432,0
DA:435,0
DA:442,0
DA:454,0
DA:461,0
DA:468,0
DA:475,0
DA:478,0
DA:479,0
DA:489,0
DA:490,0
DA:498,0
DA:500,0
DA:502,0
DA:503,0
DA:511,0
DA:518,0
DA:525,0
DA:532,0
DA:543,0
DA:545,0
DA:548,0
DA:549,0
DA:550,0
DA:554,0
DA:555,0
DA:558,0
DA:561,0
DA:563,0
DA:564,0
DA:572,0
DA:579,0
DA:586,0
DA:593,46
DA:595,0
DA:596,0
DA:597,0
DA:598,0
DA:602,0
DA:603,0
DA:604,0
DA:606,0
DA:607,0
DA:617,0
DA:619,0
DA:621,0
DA:624,0
DA:625,0
DA:628,0
DA:629,0
DA:630,0
DA:633,0
DA:634,0
DA:635,0
DA:636,0
DA:639,0
DA:640,0
DA:648,0
DA:650,0
DA:651,0
DA:652,0
DA:654,0
DA:655,0
DA:663,0
DA:664,0
DA:669,0
DA:670,0
DA:671,0
DA:678,0
DA:685,0
DA:692,0
DA:699,0
DA:700,0
DA:701,0
DA:708,0
DA:715,0
DA:722,0
DA:729,0
DA:731,0
DA:732,0
DA:733,0
DA:737,0
DA:738,0
DA:741,0
DA:742,0
DA:746,0
DA:748,0
DA:750,0
DA:751,0
LF:229
LH:25
BRDA:58,0,0,67
BRDA:63,1,0,18
BRDA:63,1,1,46
BRDA:120,2,0,0
BRDA:120,2,1,0
BRDA:160,3,0,0
BRDA:160,3,1,0
BRDA:162,4,0,0
BRDA:162,4,1,0
BRDA:174,5,0,0
BRDA:174,5,1,0
BRDA:177,6,0,0
BRDA:177,6,1,0
BRDA:178,7,0,0
BRDA:178,7,1,0
BRDA:200,8,0,0
BRDA:200,8,1,0
BRDA:200,9,0,0
BRDA:200,9,1,0
BRDA:204,10,0,0
BRDA:204,10,1,0
BRDA:220,11,0,0
BRDA:220,11,1,0
BRDA:230,12,0,0
BRDA:231,13,0,0
BRDA:248,14,0,0
BRDA:248,14,1,0
BRDA:269,15,0,0
BRDA:269,15,1,0
BRDA:274,16,0,0
BRDA:274,16,1,0
BRDA:287,17,0,0
BRDA:287,17,1,0
BRDA:296,18,0,0
BRDA:296,18,1,0
BRDA:306,19,0,0
BRDA:306,19,1,0
BRDA:314,20,0,0
BRDA:314,20,1,0
BRDA:314,21,0,0
BRDA:314,21,1,0
BRDA:328,22,0,0
BRDA:328,22,1,0
BRDA:334,23,0,0
BRDA:334,23,1,0
BRDA:337,24,0,0
BRDA:337,24,1,0
BRDA:344,25,0,0
BRDA:344,25,1,0
BRDA:357,26,0,0
BRDA:357,26,1,0
BRDA:366,27,0,0
BRDA:366,27,1,0
BRDA:372,28,0,0
BRDA:372,28,1,0
BRDA:376,29,0,0
BRDA:376,29,1,0
BRDA:411,30,0,0
BRDA:411,30,1,0
BRDA:416,31,0,0
BRDA:416,31,1,0
BRDA:429,32,0,0
BRDA:429,32,1,0
BRDA:478,33,0,0
BRDA:478,33,1,0
BRDA:478,34,0,0
BRDA:478,34,1,0
BRDA:500,35,0,0
BRDA:500,35,1,0
BRDA:500,36,0,0
BRDA:500,36,1,0
BRDA:541,37,0,0
BRDA:549,38,0,0
BRDA:549,38,1,0
BRDA:571,39,0,0
BRDA:595,40,0,0
BRDA:595,40,1,0
BRDA:597,41,0,0
BRDA:597,41,1,0
BRDA:602,42,0,0
BRDA:602,42,1,0
BRDA:603,43,0,0
BRDA:603,43,1,0
BRDA:606,44,0,0
BRDA:606,44,1,0
BRDA:617,45,0,0
BRDA:617,45,1,0
BRDA:621,46,0,0
BRDA:621,46,1,0
BRDA:621,46,2,0
BRDA:639,47,0,0
BRDA:639,47,1,0
BRDA:648,48,0,0
BRDA:648,48,1,0
BRDA:654,49,0,0
BRDA:654,49,1,0
BRDA:663,50,0,0
BRDA:663,50,1,0
BRDA:731,51,0,0
BRDA:731,51,1,0
BRDA:741,52,0,0
BRDA:741,52,1,0
BRDA:750,53,0,0
BRDA:750,53,1,0
BRF:104
BRH:3
end_of_record
TN:
SF:src/utils/BasePattern.ts
FN:19,(anonymous_0)
FN:48,(anonymous_1)
FN:61,(anonymous_2)
FN:68,(anonymous_3)
FN:75,(anonymous_4)
FN:82,(anonymous_5)
FN:100,(anonymous_6)
FN:114,(anonymous_7)
FN:122,(anonymous_8)
FN:134,(anonymous_9)
FN:146,(anonymous_10)
FN:153,(anonymous_11)
FN:160,(anonymous_12)
FN:167,(anonymous_13)
FN:179,(anonymous_14)
FN:183,(anonymous_15)
FN:189,(anonymous_16)
FN:202,(anonymous_17)
FN:214,(anonymous_18)
FNF:19
FNH:18
FNDA:311,(anonymous_0)
FNDA:244,(anonymous_1)
FNDA:29,(anonymous_2)
FNDA:14,(anonymous_3)
FNDA:61,(anonymous_4)
FNDA:39165,(anonymous_5)
FNDA:0,(anonymous_6)
FNDA:13,(anonymous_7)
FNDA:2599,(anonymous_8)
FNDA:1741,(anonymous_9)
FNDA:3,(anonymous_10)
FNDA:926,(anonymous_11)
FNDA:5162,(anonymous_12)
FNDA:699,(anonymous_13)
FNDA:37,(anonymous_14)
FNDA:7,(anonymous_15)
FNDA:1002,(anonymous_16)
FNDA:103,(anonymous_17)
FNDA:10,(anonymous_18)
DA:10,311
DA:11,311
DA:12,311
DA:13,311
DA:14,311
DA:15,311
DA:20,311
DA:21,311
DA:22,311
DA:49,244
DA:50,244
DA:53,244
DA:54,244
DA:55,238
DA:62,29
DA:69,14
DA:76,61
DA:83,39165
DA:84,31
DA:87,39134
DA:88,39134
DA:90,39134
DA:91,0
DA:94,39134
DA:101,0
DA:102,0
DA:105,0
DA:106,0
DA:108,0
DA:115,13
DA:116,9
DA:123,2599
DA:124,44
DA:125,2488
DA:126,56
DA:127,10
DA:135,1741
DA:136,3
DA:137,1722
DA:138,13
DA:139,2
DA:147,3
DA:154,926
DA:161,5162
DA:168,699
DA:176,37
DA:177,37
DA:180,37
DA:184,7
DA:185,7
DA:186,7
DA:190,1002
DA:193,1
DA:195,1
DA:196,1
DA:197,1
DA:198,1
DA:203,103
DA:206,2
DA:207,2
DA:210,2
DA:211,2
DA:215,10
DA:216,10
LF:64
LH:58
BRDA:83,0,0,31
BRDA:83,0,1,39134
BRDA:83,1,0,39165
BRDA:83,1,1,39165
BRDA:83,1,2,39162
BRDA:83,1,3,39134
BRDA:90,2,0,0
BRDA:90,2,1,39134
BRDA:101,3,0,0
BRDA:101,3,1,0
BRDA:101,4,0,0
BRDA:101,4,1,0
BRDA:101,4,2,0
BRDA:101,4,3,0
BRDA:115,5,0,13
BRDA:115,5,1,1
BRDA:123,6,0,44
BRDA:123,6,1,2488
BRDA:123,6,2,56
BRDA:123,6,3,10
BRDA:135,7,0,3
BRDA:135,7,1,1722
BRDA:135,7,2,13
BRDA:135,7,3,2
BRDA:190,8,0,1001
BRDA:190,8,1,1
BRDA:195,9,0,1
BRDA:195,9,1,0
BRDA:203,10,0,101
BRDA:203,10,1,2
BRF:30
BRH:22
end_of_record
TN:
SF:src/utils/BinaryWaves.ts
FN:19,(anonymous_0)
FN:23,(anonymous_1)
FN:30,(anonymous_2)
FN:40,(anonymous_3)
FN:56,(anonymous_4)
FN:63,(anonymous_5)
FN:72,(anonymous_6)
FN:81,(anonymous_7)
FN:115,(anonymous_8)
FN:149,(anonymous_9)
FN:169,(anonymous_10)
FN:180,(anonymous_11)
FN:205,(anonymous_12)
FN:210,(anonymous_13)
FN:220,(anonymous_14)
FN:228,(anonymous_15)
FNF:16
FNH:16
FNDA:30,(anonymous_0)
FNDA:18,(anonymous_1)
FNDA:20,(anonymous_2)
FNDA:19,(anonymous_3)
FNDA:10,(anonymous_4)
FNDA:9,(anonymous_5)
FNDA:44,(anonymous_6)
FNDA:21,(anonymous_7)
FNDA:23,(anonymous_8)
FNDA:6,(anonymous_9)
FNDA:1712,(anonymous_10)
FNDA:1707,(anonymous_11)
FNDA:20,(anonymous_12)
FNDA:12,(anonymous_13)
FNDA:1,(anonymous_14)
FNDA:24,(anonymous_15)
DA:15,30
DA:16,30
DA:17,30
DA:20,30
DA:24,18
DA:25,18
DA:26,18
DA:27,18
DA:31,20
DA:32,20
DA:33,1005
DA:34,1005
DA:35,111250
DA:41,19
DA:42,19
DA:43,19
DA:45,19
DA:46,116
DA:57,10
DA:59,9
DA:60,9
DA:65,9
DA:66,410
DA:67,38000
DA:72,9
DA:73,44
DA:74,21
DA:76,23
DA:82,21
DA:83,2050
DA:89,2050
DA:90,2050
DA:92,2050
DA:94,2050
DA:95,2050
DA:98,2050
DA:99,250
DA:100,250
DA:101,750
DA:102,750
DA:104,474
DA:105,474
DA:106,0
DA:116,23
DA:117,1130
DA:123,1130
DA:124,1130
DA:126,1130
DA:128,1130
DA:129,1130
DA:132,1130
DA:133,280
DA:134,280
DA:135,840
DA:136,840
DA:138,454
DA:139,454
DA:140,0
DA:150,6
DA:153,5
DA:156,5
DA:157,250
DA:158,25000
DA:159,25000
DA:161,1707
DA:162,1707
DA:163,1707
DA:171,1712
DA:172,771
DA:173,264
DA:174,285
DA:175,392
DA:176,0
DA:181,1707
DA:184,1707
DA:185,1707
DA:188,1707
DA:189,1032
DA:190,1032
DA:191,675
DA:192,284
DA:193,284
DA:194,284
DA:195,284
DA:196,391
DA:197,391
DA:198,391
DA:199,391
DA:202,0
DA:206,20
DA:207,20
DA:208,2
DA:210,2
DA:211,12
DA:212,8
DA:214,4
DA:221,1
DA:222,1
DA:224,1
DA:229,24
DA:230,24
DA:231,24
DA:232,24
DA:233,24
LF:104
LH:100
BRDA:51,0,0,68
BRDA:51,0,1,48
BRDA:57,1,0,1
BRDA:57,1,1,9
BRDA:73,2,0,21
BRDA:73,2,1,23
BRDA:92,3,0,2050
BRDA:92,3,1,0
BRDA:92,4,0,2050
BRDA:92,4,1,2050
BRDA:94,5,0,950
BRDA:94,5,1,1100
BRDA:98,6,0,250
BRDA:98,6,1,1800
BRDA:102,7,0,474
BRDA:102,7,1,276
BRDA:102,8,0,750
BRDA:102,8,1,750
BRDA:102,8,2,750
BRDA:105,9,0,0
BRDA:105,9,1,474
BRDA:126,10,0,1130
BRDA:126,10,1,0
BRDA:126,11,0,1130
BRDA:126,11,1,1130
BRDA:128,12,0,630
BRDA:128,12,1,500
BRDA:132,13,0,280
BRDA:132,13,1,850
BRDA:136,14,0,454
BRDA:136,14,1,386
BRDA:136,15,0,840
BRDA:136,15,1,840
BRDA:136,15,2,840
BRDA:139,16,0,0
BRDA:139,16,1,454
BRDA:150,17,0,1
BRDA:150,17,1,5
BRDA:159,18,0,1707
BRDA:159,18,1,23293
BRDA:171,19,0,771
BRDA:171,19,1,264
BRDA:171,19,2,285
BRDA:171,19,3,392
BRDA:171,19,4,0
BRDA:171,20,0,1712
BRDA:171,20,1,0
BRDA:188,21,0,1032
BRDA:188,21,1,675
BRDA:191,22,0,284
BRDA:191,22,1,391
BRDA:196,23,0,391
BRDA:196,23,1,0
BRDA:207,24,0,2
BRDA:207,24,1,18
BRDA:211,25,0,8
BRDA:211,25,1,4
BRDA:222,26,0,1
BRDA:222,26,1,0
BRF:59
BRH:51
end_of_record
TN:
SF:src/utils/CodeFlow.ts
FN:82,(anonymous_0)
FN:87,(anonymous_1)
FN:106,(anonymous_2)
FN:127,(anonymous_3)
FN:131,(anonymous_4)
FN:180,(anonymous_5)
FN:209,(anonymous_6)
FN:217,(anonymous_7)
FN:225,(anonymous_8)
FN:266,(anonymous_9)
FN:276,(anonymous_10)
FN:286,(anonymous_11)
FN:308,(anonymous_12)
FN:325,(anonymous_13)
FN:330,(anonymous_14)
FN:336,(anonymous_15)
FN:345,(anonymous_16)
FN:351,(anonymous_17)
FN:361,(anonymous_18)
FN:366,(anonymous_19)
FNF:20
FNH:20
FNDA:32,(anonymous_0)
FNDA:27,(anonymous_1)
FNDA:314,(anonymous_2)
FNDA:314,(anonymous_3)
FNDA:324,(anonymous_4)
FNDA:69,(anonymous_5)
FNDA:6,(anonymous_6)
FNDA:42,(anonymous_7)
FNDA:42,(anonymous_8)
FNDA:5,(anonymous_9)
FNDA:6,(anonymous_10)
FNDA:26,(anonymous_11)
FNDA:33,(anonymous_12)
FNDA:29,(anonymous_13)
FNDA:15,(anonymous_14)
FNDA:2,(anonymous_15)
FNDA:10,(anonymous_16)
FNDA:37,(anonymous_17)
FNDA:18,(anonymous_18)
FNDA:137,(anonymous_19)
DA:18,32
DA:19,32
DA:20,32
DA:21,32
DA:22,32
DA:23,32
DA:25,32
DA:83,32
DA:84,32
DA:88,27
DA:89,27
DA:90,27
DA:93,27
DA:94,27
DA:95,27
DA:98,27
DA:101,27
DA:102,263
DA:107,314
DA:108,0
DA:111,314
DA:112,314
DA:113,314
DA:115,314
DA:124,314
DA:128,314
DA:132,324
DA:134,324
DA:136,314
DA:137,41
DA:138,92
DA:139,39
DA:140,117
DA:141,7
DA:142,18
DA:143,0
DA:146,0
DA:147,0
DA:148,0
DA:149,0
DA:150,0
DA:151,0
DA:152,0
DA:153,0
DA:156,10
DA:157,0
DA:158,4
DA:159,2
DA:160,2
DA:161,1
DA:162,1
DA:163,0
DA:166,0
DA:167,0
DA:168,0
DA:169,0
DA:170,0
DA:171,0
DA:172,0
DA:173,0
DA:176,0
DA:181,69
DA:183,68
DA:186,68
DA:189,68
DA:190,51
DA:191,51
DA:194,51
DA:198,68
DA:199,455
DA:200,455
DA:203,455
DA:204,79
DA:211,6
DA:212,6
DA:214,6
DA:217,5
DA:218,42
DA:222,5
DA:226,42
DA:229,42
DA:230,16
DA:234,26
DA:235,26
DA:236,4
DA:237,22
DA:238,0
DA:242,26
DA:245,26
DA:246,26
DA:247,794
DA:250,794
DA:252,4
DA:255,790
DA:259,26
DA:260,0
DA:261,0
DA:262,0
DA:268,5
DA:270,5
DA:271,50
DA:272,50
DA:277,6
DA:278,6
DA:279,0
DA:280,0
DA:281,0
DA:282,0
DA:288,26
DA:289,26
DA:290,26
DA:291,26
DA:292,26
DA:296,0
DA:297,0
DA:301,0
DA:302,0
DA:305,0
DA:309,33
DA:311,1
DA:312,1
DA:313,1
DA:315,30
DA:316,30
DA:317,30
DA:319,2
DA:320,2
DA:321,2
DA:326,29
DA:328,29
DA:330,2
DA:331,15
DA:337,2
DA:339,2
DA:340,1
DA:344,2
DA:345,1
DA:346,10
DA:352,37
DA:353,37
DA:354,37
DA:355,37
DA:362,18
DA:366,137
LF:144
LH:110
BRDA:84,0,0,32
BRDA:84,0,1,1
BRDA:93,1,0,27
BRDA:93,1,1,27
BRDA:93,2,0,27
BRDA:93,2,1,27
BRDA:107,3,0,0
BRDA:107,3,1,314
BRDA:117,4,0,263
BRDA:117,4,1,51
BRDA:132,5,0,324
BRDA:132,5,1,10
BRDA:134,6,0,314
BRDA:134,6,1,0
BRDA:134,6,2,10
BRDA:134,6,3,0
BRDA:134,6,4,0
BRDA:136,7,0,41
BRDA:136,7,1,92
BRDA:136,7,2,39
BRDA:136,7,3,117
BRDA:136,7,4,7
BRDA:136,7,5,18
BRDA:136,7,6,0
BRDA:146,8,0,0
BRDA:146,8,1,0
BRDA:146,8,2,0
BRDA:146,8,3,0
BRDA:146,8,4,0
BRDA:146,8,5,0
BRDA:146,8,6,0
BRDA:156,9,0,0
BRDA:156,9,1,4
BRDA:156,9,2,2
BRDA:156,9,3,2
BRDA:156,9,4,1
BRDA:156,9,5,1
BRDA:156,9,6,0
BRDA:166,10,0,0
BRDA:166,10,1,0
BRDA:166,10,2,0
BRDA:166,10,3,0
BRDA:166,10,4,0
BRDA:166,10,5,0
BRDA:166,10,6,0
BRDA:181,11,0,1
BRDA:181,11,1,68
BRDA:189,12,0,51
BRDA:189,12,1,17
BRDA:203,13,0,79
BRDA:203,13,1,376
BRDA:214,14,0,1
BRDA:214,14,1,5
BRDA:229,15,0,16
BRDA:229,15,1,26
BRDA:229,16,0,42
BRDA:229,16,1,26
BRDA:235,17,0,4
BRDA:235,17,1,22
BRDA:237,18,0,0
BRDA:237,18,1,22
BRDA:250,19,0,4
BRDA:250,19,1,790
BRDA:250,20,0,794
BRDA:250,20,1,139
BRDA:259,21,0,0
BRDA:259,21,1,26
BRDA:259,22,0,26
BRDA:259,22,1,1
BRDA:259,22,2,0
BRDA:277,23,0,6
BRDA:277,23,1,0
BRDA:277,23,2,0
BRDA:277,23,3,0
BRDA:277,23,4,0
BRDA:277,24,0,6
BRDA:277,24,1,0
BRDA:288,25,0,26
BRDA:288,25,1,0
BRDA:296,26,0,0
BRDA:296,26,1,0
BRDA:301,27,0,0
BRDA:301,27,1,0
BRDA:309,28,0,1
BRDA:309,28,1,30
BRDA:309,28,2,2
BRDA:328,29,0,2
BRDA:328,29,1,27
BRDA:331,30,0,15
BRDA:331,30,1,12
BRDA:339,31,0,1
BRDA:339,31,1,1
BRDA:344,32,0,1
BRDA:344,32,1,1
BRDA:366,33,0,18
BRDA:366,33,1,1
BRF:96
BRH:62
end_of_record
TN:
SF:src/utils/ConfigurationManager.ts
FN:21,(anonymous_0)
FN:27,(anonymous_1)
FN:31,(anonymous_2)
FN:41,(anonymous_3)
FN:57,(anonymous_4)
FN:73,(anonymous_5)
FN:121,(anonymous_6)
FN:146,(anonymous_7)
FN:171,(anonymous_8)
FN:172,(anonymous_9)
FN:178,(anonymous_10)
FN:179,(anonymous_11)
FN:187,(anonymous_12)
FN:194,(anonymous_13)
FN:204,(anonymous_14)
FN:212,(anonymous_15)
FN:219,(anonymous_16)
FN:227,(anonymous_17)
FN:235,(anonymous_18)
FN:246,(anonymous_19)
FN:253,(anonymous_20)
FN:261,(anonymous_21)
FN:280,(anonymous_22)
FN:291,(anonymous_23)
FN:315,(anonymous_24)
FN:337,(anonymous_25)
FN:357,(anonymous_26)
FN:381,(anonymous_27)
FN:383,(anonymous_28)
FN:389,(anonymous_29)
FN:391,(anonymous_30)
FN:397,(anonymous_31)
FN:411,(anonymous_32)
FNF:33
FNH:32
FNDA:34,(anonymous_0)
FNDA:33,(anonymous_1)
FNDA:41,(anonymous_2)
FNDA:34,(anonymous_3)
FNDA:34,(anonymous_4)
FNDA:14,(anonymous_5)
FNDA:15,(anonymous_6)
FNDA:22,(anonymous_7)
FNDA:13,(anonymous_8)
FNDA:1,(anonymous_9)
FNDA:21,(anonymous_10)
FNDA:1,(anonymous_11)
FNDA:10,(anonymous_12)
FNDA:12,(anonymous_13)
FNDA:1,(anonymous_14)
FNDA:11,(anonymous_15)
FNDA:17,(anonymous_16)
FNDA:2,(anonymous_17)
FNDA:2,(anonymous_18)
FNDA:5,(anonymous_19)
FNDA:1,(anonymous_20)
FNDA:2,(anonymous_21)
FNDA:3,(anonymous_22)
FNDA:6,(anonymous_23)
FNDA:1,(anonymous_24)
FNDA:2,(anonymous_25)
FNDA:0,(anonymous_26)
FNDA:1,(anonymous_27)
FNDA:1,(anonymous_28)
FNDA:1,(anonymous_29)
FNDA:1,(anonymous_30)
FNDA:2,(anonymous_31)
FNDA:1,(anonymous_32)
DA:16,34
DA:17,34
DA:18,34
DA:19,34
DA:22,34
DA:23,34
DA:28,33
DA:32,41
DA:33,34
DA:35,41
DA:42,34
DA:43,34
DA:44,34
DA:45,0
DA:46,0
DA:49,0
DA:50,0
DA:58,34
DA:59,34
DA:60,34
DA:61,0
DA:62,0
DA:65,0
DA:66,0
DA:74,14
DA:77,14
DA:80,12
DA:83,14
DA:84,12
DA:87,14
DA:88,14
DA:91,14
DA:92,13
DA:95,14
DA:96,14
DA:99,14
DA:100,12
DA:103,14
DA:104,14
DA:107,14
DA:108,14
DA:111,14
DA:112,14
DA:115,14
DA:122,15
DA:123,15
DA:124,13
DA:125,13
DA:126,13
DA:128,2
DA:129,0
DA:135,2
DA:147,22
DA:148,22
DA:149,22
DA:150,21
DA:151,21
DA:153,1
DA:154,0
DA:160,1
DA:172,13
DA:179,21
DA:188,10
DA:195,12
DA:196,12
DA:197,12
DA:198,12
DA:205,1
DA:206,1
DA:213,11
DA:220,17
DA:221,17
DA:228,2
DA:229,2
DA:236,2
DA:237,1
DA:239,1
DA:247,5
DA:254,1
DA:255,1
DA:262,2
DA:263,2
DA:270,2
DA:272,0
DA:273,0
DA:281,3
DA:282,3
DA:285,2
DA:286,2
DA:290,2
DA:291,6
DA:295,2
DA:296,2
DA:298,2
DA:299,2
DA:301,2
DA:303,1
DA:304,1
DA:316,1
DA:317,1
DA:323,1
DA:324,1
DA:326,0
DA:338,2
DA:339,2
DA:340,2
DA:341,2
DA:348,0
DA:351,0
DA:352,0
DA:356,0
DA:357,0
DA:361,0
DA:362,0
DA:364,0
DA:365,0
DA:367,0
DA:369,0
DA:370,0
DA:382,1
DA:383,1
DA:390,1
DA:391,1
DA:398,2
DA:399,2
DA:400,2
DA:401,2
DA:402,2
DA:404,0
DA:412,1
DA:413,0
DA:416,1
DA:417,1
DA:418,1
DA:419,7
DA:420,0
DA:423,1
DA:425,0
DA:431,3
LF:139
LH:110
BRDA:32,0,0,34
BRDA:32,0,1,7
BRDA:44,1,0,0
BRDA:44,1,1,34
BRDA:60,2,0,0
BRDA:60,2,1,34
BRDA:62,3,0,0
BRDA:62,3,1,0
BRDA:77,4,0,12
BRDA:77,4,1,2
BRDA:77,5,0,14
BRDA:77,5,1,14
BRDA:77,5,2,14
BRDA:83,6,0,12
BRDA:83,6,1,2
BRDA:87,7,0,14
BRDA:87,7,1,0
BRDA:91,8,0,13
BRDA:91,8,1,1
BRDA:95,9,0,14
BRDA:95,9,1,0
BRDA:99,10,0,12
BRDA:99,10,1,2
BRDA:103,11,0,14
BRDA:103,11,1,0
BRDA:107,12,0,14
BRDA:107,12,1,0
BRDA:111,13,0,14
BRDA:111,13,1,0
BRDA:128,14,0,0
BRDA:128,14,1,2
BRDA:128,15,0,2
BRDA:128,15,1,0
BRDA:153,16,0,0
BRDA:153,16,1,1
BRDA:153,17,0,1
BRDA:153,17,1,0
BRDA:236,18,0,1
BRDA:236,18,1,1
BRDA:285,19,0,2
BRDA:285,19,1,0
BRDA:290,20,0,2
BRDA:290,20,1,0
BRDA:298,21,0,0
BRDA:298,21,1,2
BRDA:299,22,0,0
BRDA:299,22,1,2
BRDA:340,23,0,2
BRDA:340,23,1,0
BRDA:351,24,0,0
BRDA:351,24,1,0
BRDA:356,25,0,0
BRDA:356,25,1,0
BRDA:364,26,0,0
BRDA:364,26,1,0
BRDA:365,27,0,0
BRDA:365,27,1,0
BRDA:412,28,0,0
BRDA:412,28,1,1
BRDA:419,29,0,0
BRDA:419,29,1,7
BRDA:419,30,0,7
BRDA:419,30,1,0
BRF:63
BRH:34
end_of_record
TN:
SF:src/utils/ConwayLife.ts
FN:84,(anonymous_0)
FN:90,(anonymous_1)
FN:110,(anonymous_2)
FN:136,(anonymous_3)
FN:165,(anonymous_4)
FN:181,(anonymous_5)
FN:199,(anonymous_6)
FN:247,(anonymous_7)
FN:270,(anonymous_8)
FN:286,(anonymous_9)
FN:292,(anonymous_10)
FN:319,(anonymous_11)
FN:337,(anonymous_12)
FN:360,(anonymous_13)
FN:372,(anonymous_14)
FN:382,(anonymous_15)
FN:399,(anonymous_16)
FN:416,(anonymous_17)
FN:424,(anonymous_18)
FN:439,(anonymous_19)
FN:454,(anonymous_20)
FNF:21
FNH:21
FNDA:39,(anonymous_0)
FNDA:33,(anonymous_1)
FNDA:35,(anonymous_2)
FNDA:39,(anonymous_3)
FNDA:156,(anonymous_4)
FNDA:394,(anonymous_5)
FNDA:392,(anonymous_6)
FNDA:312056,(anonymous_7)
FNDA:432,(anonymous_8)
FNDA:31514,(anonymous_9)
FNDA:31514,(anonymous_10)
FNDA:4,(anonymous_11)
FNDA:8,(anonymous_12)
FNDA:7,(anonymous_13)
FNDA:6,(anonymous_14)
FNDA:40,(anonymous_15)
FNDA:40,(anonymous_16)
FNDA:35,(anonymous_17)
FNDA:2,(anonymous_18)
FNDA:44,(anonymous_19)
FNDA:21,(anonymous_20)
DA:16,39
DA:17,39
DA:18,39
DA:19,39
DA:20,39
DA:21,39
DA:22,39
DA:23,39
DA:24,39
DA:25,39
DA:28,39
DA:34,39
DA:37,39
DA:85,39
DA:86,39
DA:87,39
DA:91,33
DA:92,33
DA:93,33
DA:94,33
DA:95,33
DA:96,33
DA:99,33
DA:100,33
DA:101,33
DA:104,33
DA:107,33
DA:111,35
DA:112,35
DA:114,35
DA:115,662
DA:116,662
DA:118,662
DA:119,27306
DA:126,27306
DA:137,39
DA:138,39
DA:140,39
DA:141,156
DA:142,156
DA:145,156
DA:146,156
DA:148,156
DA:152,39
DA:153,39
DA:154,742
DA:155,30506
DA:156,1809
DA:157,1809
DA:162,39
DA:166,156
DA:167,830
DA:168,13724
DA:169,13724
DA:171,13724
DA:172,13362
DA:173,2690
DA:174,2690
DA:182,394
DA:184,393
DA:185,393
DA:188,393
DA:189,392
DA:190,392
DA:194,393
DA:195,4
DA:201,392
DA:203,392
DA:204,7807
DA:205,312056
DA:206,312056
DA:207,312056
DA:210,312056
DA:212,27804
DA:213,27804
DA:216,284252
DA:217,284252
DA:220,312056
DA:221,27249
DA:225,312056
DA:230,392
DA:233,392
DA:235,392
DA:236,191
DA:238,201
DA:241,392
DA:244,392
DA:248,312056
DA:250,312056
DA:251,936168
DA:252,2808504
DA:254,2496448
DA:255,2496448
DA:258,2496448
DA:259,2496448
DA:261,2496448
DA:262,222432
DA:267,312056
DA:271,432
DA:272,8569
DA:273,343362
DA:275,343362
DA:276,31514
DA:277,31514
DA:279,311848
DA:280,311848
DA:287,31514
DA:288,31514
DA:289,31514
DA:293,31514
DA:294,31514
DA:296,31514
DA:299,31514
DA:300,31514
DA:302,0
DA:303,0
DA:306,0
DA:307,0
DA:308,0
DA:311,0
DA:312,0
DA:313,0
DA:315,0
DA:320,4
DA:321,4
DA:322,4
DA:323,4
DA:326,4
DA:327,80
DA:328,3200
DA:329,3200
DA:334,4
DA:339,8
DA:340,8
DA:342,8
DA:345,7
DA:346,122
DA:347,4806
DA:349,4806
DA:350,533
DA:351,533
DA:357,7
DA:361,7
DA:363,6
DA:366,6
DA:367,6
DA:368,189
DA:373,6
DA:374,5
DA:375,0
DA:376,1
DA:377,0
DA:378,0
DA:383,40
DA:385,1
DA:386,1
DA:387,1
DA:389,37
DA:390,37
DA:391,37
DA:393,2
DA:394,2
DA:395,2
DA:400,40
DA:402,0
DA:403,0
DA:404,0
DA:406,38
DA:407,38
DA:408,38
DA:410,2
DA:411,2
DA:412,2
DA:417,35
DA:418,35
DA:419,2
DA:420,2
DA:425,2
DA:427,2
DA:428,1
DA:431,2
DA:432,1
DA:433,1
DA:434,1
DA:440,44
DA:441,44
DA:442,44
DA:443,44
DA:444,44
DA:445,44
DA:446,44
DA:447,44
DA:448,44
DA:455,21
LF:194
LH:179
BRDA:86,0,0,39
BRDA:86,0,1,1
BRDA:87,1,0,39
BRDA:87,1,1,1
BRDA:99,2,0,33
BRDA:99,2,1,33
BRDA:99,3,0,33
BRDA:99,3,1,33
BRDA:155,4,0,1809
BRDA:155,4,1,28697
BRDA:171,5,0,13362
BRDA:171,5,1,362
BRDA:171,6,0,13724
BRDA:171,6,1,13443
BRDA:171,6,2,13425
BRDA:171,6,3,13374
BRDA:172,7,0,2690
BRDA:172,7,1,10672
BRDA:182,8,0,1
BRDA:182,8,1,393
BRDA:188,9,0,392
BRDA:188,9,1,1
BRDA:194,10,0,4
BRDA:194,10,1,389
BRDA:194,11,0,393
BRDA:194,11,1,390
BRDA:210,12,0,27804
BRDA:210,12,1,284252
BRDA:212,13,0,27804
BRDA:212,13,1,19278
BRDA:213,14,0,16393
BRDA:213,14,1,11411
BRDA:217,15,0,10856
BRDA:217,15,1,273396
BRDA:220,16,0,27249
BRDA:220,16,1,284807
BRDA:235,17,0,191
BRDA:235,17,1,201
BRDA:252,18,0,312056
BRDA:252,18,1,2496448
BRDA:252,19,0,2808504
BRDA:252,19,1,936168
BRDA:261,20,0,222432
BRDA:261,20,1,2274016
BRDA:275,21,0,31514
BRDA:275,21,1,311848
BRDA:293,22,0,31514
BRDA:293,22,1,60
BRDA:296,23,0,31514
BRDA:296,23,1,0
BRDA:296,23,2,0
BRDA:296,23,3,0
BRDA:296,23,4,0
BRDA:342,24,0,1
BRDA:342,24,1,7
BRDA:349,25,0,533
BRDA:349,25,1,4273
BRDA:349,26,0,4806
BRDA:349,26,1,548
BRDA:361,27,0,1
BRDA:361,27,1,6
BRDA:361,28,0,7
BRDA:361,28,1,7
BRDA:373,29,0,5
BRDA:373,29,1,0
BRDA:373,29,2,1
BRDA:373,29,3,0
BRDA:373,29,4,0
BRDA:373,30,0,6
BRDA:373,30,1,0
BRDA:383,31,0,1
BRDA:383,31,1,37
BRDA:383,31,2,2
BRDA:400,32,0,0
BRDA:400,32,1,38
BRDA:400,32,2,2
BRDA:418,33,0,2
BRDA:418,33,1,33
BRDA:427,34,0,1
BRDA:427,34,1,1
BRDA:431,35,0,1
BRDA:431,35,1,1
BRDA:433,36,0,1
BRDA:433,36,1,0
BRF:84
BRH:74
end_of_record
TN:
SF:src/utils/GeometricFlow.ts
FN:28,(anonymous_0)
FN:32,(anonymous_1)
FN:46,(anonymous_2)
FN:52,(anonymous_3)
FN:78,(anonymous_4)
FN:95,(anonymous_5)
FN:104,(anonymous_6)
FN:123,(anonymous_7)
FN:148,(anonymous_8)
FN:156,(anonymous_9)
FN:161,(anonymous_10)
FN:198,(anonymous_11)
FN:219,(anonymous_12)
FN:232,(anonymous_13)
FN:249,(anonymous_14)
FN:270,(anonymous_15)
FN:299,(anonymous_16)
FN:340,(anonymous_17)
FN:369,(anonymous_18)
FN:380,(anonymous_19)
FN:400,(anonymous_20)
FN:403,(anonymous_21)
FN:409,(anonymous_22)
FN:416,(anonymous_23)
FNF:24
FNH:24
FNDA:36,(anonymous_0)
FNDA:23,(anonymous_1)
FNDA:24,(anonymous_2)
FNDA:93,(anonymous_3)
FNDA:103,(anonymous_4)
FNDA:95,(anonymous_5)
FNDA:11,(anonymous_6)
FNDA:40,(anonymous_7)
FNDA:12,(anonymous_8)
FNDA:29,(anonymous_9)
FNDA:30,(anonymous_10)
FNDA:7,(anonymous_11)
FNDA:4,(anonymous_12)
FNDA:16,(anonymous_13)
FNDA:7,(anonymous_14)
FNDA:9,(anonymous_15)
FNDA:3,(anonymous_16)
FNDA:37,(anonymous_17)
FNDA:30,(anonymous_18)
FNDA:30,(anonymous_19)
FNDA:24,(anonymous_20)
FNDA:4,(anonymous_21)
FNDA:1,(anonymous_22)
FNDA:29,(anonymous_23)
DA:22,36
DA:23,36
DA:24,36
DA:25,36
DA:26,36
DA:29,36
DA:33,23
DA:34,23
DA:35,23
DA:36,23
DA:37,23
DA:40,23
DA:41,23
DA:42,92
DA:47,24
DA:48,24
DA:49,24
DA:53,93
DA:54,93
DA:56,93
DA:57,93
DA:59,93
DA:75,93
DA:79,103
DA:81,19
DA:83,12
DA:85,24
DA:87,26
DA:89,22
DA:91,0
DA:96,95
DA:97,1
DA:98,93
DA:99,1
DA:100,0
DA:105,11
DA:107,10
DA:108,10
DA:111,10
DA:112,0
DA:113,0
DA:116,0
DA:117,0
DA:118,0
DA:123,10
DA:124,40
DA:127,40
DA:128,4
DA:132,36
DA:133,36
DA:136,36
DA:139,36
DA:140,36
DA:141,36
DA:142,36
DA:144,36
DA:149,12
DA:152,11
DA:153,11
DA:156,11
DA:157,29
DA:162,30
DA:163,30
DA:166,30
DA:168,0
DA:172,30
DA:173,30
DA:176,30
DA:177,30
DA:179,30
DA:181,7
DA:182,7
DA:184,4
DA:185,4
DA:187,7
DA:188,7
DA:190,9
DA:191,9
DA:193,3
DA:194,3
DA:199,7
DA:200,7
DA:203,7
DA:204,7
DA:205,21
DA:206,21
DA:207,21
DA:208,21
DA:212,7
DA:213,21
DA:214,21
DA:215,21
DA:220,4
DA:221,4
DA:224,4
DA:232,4
DA:233,16
DA:234,16
DA:235,16
DA:236,16
DA:237,16
DA:238,16
DA:242,4
DA:243,16
DA:244,16
DA:245,16
DA:250,7
DA:251,7
DA:252,7
DA:253,7
DA:255,7
DA:256,212
DA:257,212
DA:258,212
DA:260,212
DA:261,212
DA:263,212
DA:264,212
DA:265,212
DA:271,9
DA:272,9
DA:275,9
DA:276,9
DA:278,9
DA:279,147
DA:280,147
DA:281,147
DA:282,147
DA:287,9
DA:288,9
DA:290,9
DA:291,147
DA:292,147
DA:293,147
DA:294,147
DA:300,3
DA:301,3
DA:304,3
DA:305,21
DA:306,21
DA:307,21
DA:308,21
DA:313,3
DA:314,3
DA:316,3
DA:317,3
DA:321,3
DA:322,3
DA:323,5
DA:324,5
DA:326,5
DA:327,5
DA:328,5
DA:329,5
DA:331,5
DA:332,5
DA:334,5
DA:335,5
DA:341,37
DA:342,37
DA:343,37
DA:344,37
DA:345,37
DA:347,37
DA:348,37
DA:350,37
DA:351,407
DA:352,407
DA:355,407
DA:357,370
DA:358,370
DA:359,276
DA:360,276
DA:362,370
DA:363,280
DA:364,280
DA:371,30
DA:372,18
DA:373,4
DA:374,4
DA:375,4
DA:376,0
DA:382,30
DA:384,30
DA:385,22
DA:386,8
DA:387,4
DA:388,4
DA:389,4
DA:390,4
DA:391,4
DA:392,4
DA:393,4
DA:394,4
DA:397,0
DA:401,24
DA:403,24
DA:404,4
DA:410,1
DA:411,1
DA:412,1
DA:417,29
DA:418,29
DA:419,29
DA:420,29
DA:421,29
LF:206
LH:196
BRDA:53,0,0,93
BRDA:53,0,1,0
BRDA:79,1,0,19
BRDA:79,1,1,12
BRDA:79,1,2,24
BRDA:79,1,3,26
BRDA:79,1,4,22
BRDA:79,1,5,0
BRDA:96,2,0,1
BRDA:96,2,1,93
BRDA:96,2,2,1
BRDA:96,2,3,0
BRDA:105,3,0,1
BRDA:105,3,1,10
BRDA:111,4,0,0
BRDA:111,4,1,10
BRDA:117,5,0,0
BRDA:117,5,1,0
BRDA:127,6,0,4
BRDA:127,6,1,36
BRDA:139,7,0,1
BRDA:139,7,1,35
BRDA:140,8,0,0
BRDA:140,8,1,36
BRDA:141,9,0,1
BRDA:141,9,1,35
BRDA:142,10,0,0
BRDA:142,10,1,36
BRDA:149,11,0,1
BRDA:149,11,1,11
BRDA:166,12,0,0
BRDA:166,12,1,30
BRDA:166,13,0,30
BRDA:166,13,1,30
BRDA:166,13,2,30
BRDA:166,13,3,30
BRDA:179,14,0,7
BRDA:179,14,1,4
BRDA:179,14,2,7
BRDA:179,14,3,9
BRDA:179,14,4,3
BRDA:263,15,0,212
BRDA:263,15,1,0
BRDA:263,16,0,212
BRDA:263,16,1,212
BRDA:263,16,2,212
BRDA:263,16,3,212
BRDA:281,17,0,147
BRDA:281,17,1,0
BRDA:281,18,0,147
BRDA:281,18,1,147
BRDA:281,18,2,147
BRDA:281,18,3,147
BRDA:293,19,0,147
BRDA:293,19,1,0
BRDA:293,20,0,147
BRDA:293,20,1,147
BRDA:293,20,2,147
BRDA:293,20,3,147
BRDA:307,21,0,21
BRDA:307,21,1,0
BRDA:307,22,0,21
BRDA:307,22,1,21
BRDA:307,22,2,21
BRDA:307,22,3,21
BRDA:316,23,0,3
BRDA:316,23,1,0
BRDA:316,24,0,3
BRDA:316,24,1,3
BRDA:316,24,2,3
BRDA:316,24,3,3
BRDA:331,25,0,5
BRDA:331,25,1,0
BRDA:331,26,0,5
BRDA:331,26,1,5
BRDA:331,26,2,5
BRDA:331,26,3,5
BRDA:334,27,0,5
BRDA:334,27,1,0
BRDA:334,28,0,5
BRDA:334,28,1,5
BRDA:334,28,2,5
BRDA:334,28,3,5
BRDA:343,29,0,15
BRDA:343,29,1,22
BRDA:344,30,0,18
BRDA:344,30,1,19
BRDA:351,31,0,407
BRDA:351,31,1,0
BRDA:351,32,0,407
BRDA:351,32,1,407
BRDA:351,32,2,407
BRDA:351,32,3,407
BRDA:355,33,0,37
BRDA:355,33,1,370
BRDA:355,34,0,407
BRDA:355,34,1,70
BRDA:358,35,0,276
BRDA:358,35,1,94
BRDA:362,36,0,280
BRDA:362,36,1,90
BRDA:371,37,0,18
BRDA:371,37,1,4
BRDA:371,37,2,4
BRDA:371,37,3,4
BRDA:371,37,4,0
BRDA:371,38,0,30
BRDA:371,38,1,0
BRDA:384,39,0,22
BRDA:384,39,1,8
BRDA:386,40,0,4
BRDA:386,40,1,4
BRDA:391,41,0,4
BRDA:391,41,1,0
BRDA:404,42,0,4
BRDA:404,42,1,4
BRDA:404,42,2,1
BRDA:404,42,3,1
BRDA:411,43,0,1
BRDA:411,43,1,0
BRF:120
BRH:99
end_of_record
TN:
SF:src/utils/LayerManager.ts
FN:10,(anonymous_0)
FN:21,(anonymous_1)
FN:30,(anonymous_2)
FN:69,(anonymous_3)
FN:86,(anonymous_4)
FN:96,(anonymous_5)
FN:122,(anonymous_6)
FN:123,(anonymous_7)
FN:124,(anonymous_8)
FN:130,(anonymous_9)
FN:147,(anonymous_10)
FN:172,(anonymous_11)
FN:179,(anonymous_12)
FN:186,(anonymous_13)
FN:199,(anonymous_14)
FN:200,(anonymous_15)
FN:216,(anonymous_16)
FN:243,(anonymous_17)
FN:248,(anonymous_18)
FN:257,(anonymous_19)
FN:264,(anonymous_20)
FN:276,(anonymous_21)
FN:282,(anonymous_22)
FN:292,(anonymous_23)
FN:321,(anonymous_24)
FN:322,(anonymous_25)
FNF:26
FNH:3
FNDA:66,(anonymous_0)
FNDA:66,(anonymous_1)
FNDA:66,(anonymous_2)
FNDA:0,(anonymous_3)
FNDA:0,(anonymous_4)
FNDA:0,(anonymous_5)
FNDA:0,(anonymous_6)
FNDA:0,(anonymous_7)
FNDA:0,(anonymous_8)
FNDA:0,(anonymous_9)
FNDA:0,(anonymous_10)
FNDA:0,(anonymous_11)
FNDA:0,(anonymous_12)
FNDA:0,(anonymous_13)
FNDA:0,(anonymous_14)
FNDA:0,(anonymous_15)
FNDA:0,(anonymous_16)
FNDA:0,(anonymous_17)
FNDA:0,(anonymous_18)
FNDA:0,(anonymous_19)
FNDA:0,(anonymous_20)
FNDA:0,(anonymous_21)
FNDA:0,(anonymous_22)
FNDA:0,(anonymous_23)
FNDA:0,(anonymous_24)
FNDA:0,(anonymous_25)
DA:6,66
DA:7,66
DA:8,66
DA:11,66
DA:12,66
DA:15,66
DA:22,66
DA:23,0
DA:24,0
DA:37,66
DA:38,66
DA:39,46
DA:41,46
DA:42,46
DA:43,46
DA:47,0
DA:48,0
DA:49,0
DA:51,0
DA:60,0
DA:61,0
DA:63,0
DA:70,0
DA:71,0
DA:72,0
DA:75,0
DA:78,0
DA:79,0
DA:87,0
DA:88,0
DA:89,0
DA:100,0
DA:101,0
DA:102,0
DA:105,0
DA:106,0
DA:109,0
DA:110,0
DA:113,0
DA:114,0
DA:115,0
DA:123,0
DA:124,0
DA:131,0
DA:132,0
DA:134,0
DA:135,0
DA:138,0
DA:139,0
DA:149,0
DA:150,0
DA:153,0
DA:154,0
DA:155,0
DA:158,0
DA:159,0
DA:162,0
DA:164,0
DA:173,0
DA:180,0
DA:187,0
DA:188,0
DA:189,0
DA:192,0
DA:193,0
DA:200,0
DA:201,0
DA:202,0
DA:203,0
DA:206,0
DA:207,0
DA:208,0
DA:217,0
DA:218,0
DA:220,0
DA:222,0
DA:223,0
DA:225,0
DA:226,0
DA:227,0
DA:229,0
DA:230,0
DA:232,0
DA:233,0
DA:235,0
DA:236,0
DA:244,0
DA:246,0
DA:248,0
DA:249,0
DA:258,0
DA:265,0
DA:266,0
DA:267,0
DA:268,0
DA:269,0
DA:282,0
DA:283,0
DA:284,0
DA:285,0
DA:286,0
DA:289,0
DA:290,0
DA:292,0
DA:293,0
DA:294,0
DA:297,0
DA:298,0
DA:300,0
DA:301,0
DA:303,0
DA:304,0
DA:307,0
DA:308,0
DA:310,0
DA:314,0
DA:322,0
DA:323,0
DA:324,0
DA:328,0
DA:329,0
LF:121
LH:13
BRDA:33,0,0,0
BRDA:34,1,0,0
BRDA:42,2,0,46
BRDA:42,2,1,0
BRDA:71,3,0,0
BRDA:71,3,1,0
BRDA:78,4,0,0
BRDA:78,4,1,0
BRDA:88,5,0,0
BRDA:88,5,1,0
BRDA:101,6,0,0
BRDA:101,6,1,0
BRDA:105,7,0,0
BRDA:105,7,1,0
BRDA:109,8,0,0
BRDA:109,8,1,0
BRDA:113,9,0,0
BRDA:113,9,1,0
BRDA:132,10,0,0
BRDA:132,10,1,0
BRDA:132,11,0,0
BRDA:132,11,1,0
BRDA:154,12,0,0
BRDA:154,12,1,0
BRDA:154,13,0,0
BRDA:154,13,1,0
BRDA:188,14,0,0
BRDA:188,14,1,0
BRDA:188,15,0,0
BRDA:188,15,1,0
BRDA:201,16,0,0
BRDA:201,16,1,0
BRDA:201,17,0,0
BRDA:201,17,1,0
BRDA:216,18,0,0
BRDA:218,19,0,0
BRDA:218,19,1,0
BRDA:218,20,0,0
BRDA:218,20,1,0
BRDA:218,20,2,0
BRDA:220,21,0,0
BRDA:220,21,1,0
BRDA:220,21,2,0
BRDA:220,21,3,0
BRDA:220,21,4,0
BRDA:246,22,0,0
BRDA:246,22,1,0
BRDA:266,23,0,0
BRDA:266,23,1,0
BRDA:266,24,0,0
BRDA:266,24,1,0
BRDA:284,25,0,0
BRDA:284,25,1,0
BRDA:289,26,0,0
BRDA:289,26,1,0
BRDA:300,27,0,0
BRDA:300,27,1,0
BRDA:307,28,0,0
BRDA:307,28,1,0
BRDA:323,29,0,0
BRDA:323,29,1,0
BRF:61
BRH:1
end_of_record
TN:
SF:src/utils/MandelbrotASCII.ts
FN:47,(anonymous_0)
FN:53,(anonymous_1)
FN:77,(anonymous_2)
FN:93,(anonymous_3)
FN:115,(anonymous_4)
FN:130,(anonymous_5)
FN:141,(anonymous_6)
FN:179,(anonymous_7)
FN:213,(anonymous_8)
FN:226,(anonymous_9)
FN:236,(anonymous_10)
FN:259,(anonymous_11)
FN:279,(anonymous_12)
FN:289,(anonymous_13)
FN:306,(anonymous_14)
FN:326,(anonymous_15)
FN:334,(anonymous_16)
FN:349,(anonymous_17)
FN:361,(anonymous_18)
FNF:19
FNH:19
FNDA:36,(anonymous_0)
FNDA:30,(anonymous_1)
FNDA:32,(anonymous_2)
FNDA:42,(anonymous_3)
FNDA:28256,(anonymous_4)
FNDA:28256,(anonymous_5)
FNDA:272662,(anonymous_6)
FNDA:309,(anonymous_7)
FNDA:6,(anonymous_8)
FNDA:308,(anonymous_9)
FNDA:6,(anonymous_10)
FNDA:5,(anonymous_11)
FNDA:4,(anonymous_12)
[...]
BRDA:241,10,1,1
BRDA:245,11,0,1
BRDA:245,11,1,1
BRDA:245,12,0,2
BRDA:245,12,1,1
BRDA:249,13,0,1
BRDA:249,13,1,1
BRDA:249,14,0,2
BRDA:249,14,1,1
BRDA:254,15,0,0
BRDA:254,15,1,2
BRDA:254,16,0,2
BRDA:254,16,1,2
BRDA:260,17,0,0
BRDA:260,17,1,2
BRDA:260,18,0,2
BRDA:260,18,1,1
BRDA:265,19,0,0
BRDA:265,19,1,2
BRDA:265,20,0,2
BRDA:265,20,1,1
BRDA:270,21,0,0
BRDA:270,21,1,2
BRDA:270,22,0,2
BRDA:270,22,1,1
BRDA:287,23,0,0
BRDA:287,23,1,1
BRDA:298,24,0,0
BRDA:298,24,1,0
BRDA:305,25,0,0
BRDA:305,25,1,0
BRDA:305,26,0,0
BRDA:305,26,1,0
BRDA:305,26,2,0
BRDA:305,26,3,0
BRDA:315,27,0,0
BRDA:315,27,1,0
BRDA:316,28,0,0
BRDA:316,28,1,0
BRDA:317,29,0,0
BRDA:317,29,1,0
BRDA:319,30,0,0
BRDA:319,30,1,0
BRDA:338,31,0,1
BRDA:338,31,1,0
BRDA:347,32,0,0
BRDA:347,32,1,0
BRDA:353,33,0,0
BRDA:353,33,1,0
BRDA:373,34,0,0
BRDA:373,34,1,0
BRDA:426,35,0,0
BRDA:426,35,1,0
BRDA:426,36,0,0
BRDA:426,36,1,0
BRDA:435,37,0,0
BRDA:435,37,1,0
BRDA:449,38,0,0
BRDA:449,38,1,0
BRDA:449,39,0,0
BRDA:449,39,1,0
BRDA:483,40,0,8
BRDA:483,40,1,3
BRDA:490,41,0,0
BRDA:490,41,1,1
BRDA:506,42,0,0
BRDA:506,42,1,0
BRDA:519,43,0,0
BRDA:519,43,1,0
BRF:92
BRH:38
end_of_record
TN:
SF:src/utils/PatternSynchronizer.ts
FN:29,(anonymous_0)
FN:37,(anonymous_1)
FN:52,(anonymous_2)
FN:59,(anonymous_3)
FN:71,(anonymous_4)
FN:78,(anonymous_5)
FN:117,(anonymous_6)
FN:118,(anonymous_7)
FN:147,(anonymous_8)
FN:158,(anonymous_9)
FN:170,(anonymous_10)
FN:183,(anonymous_11)
FN:198,(anonymous_12)
FN:213,(anonymous_13)
FN:228,(anonymous_14)
FN:241,(anonymous_15)
FN:248,(anonymous_16)
FN:258,(anonymous_17)
FN:262,(anonymous_18)
FN:270,(anonymous_19)
FN:277,(anonymous_20)
FN:296,(anonymous_21)
FN:305,(anonymous_22)
FN:306,(anonymous_23)
FN:320,(anonymous_24)
FN:327,(anonymous_25)
FN:337,(anonymous_26)
FNF:27
FNH:22
FNDA:19,(anonymous_0)
FNDA:12,(anonymous_1)
FNDA:1,(anonymous_2)
FNDA:8,(anonymous_3)
FNDA:21,(anonymous_4)
FNDA:7,(anonymous_5)
FNDA:7,(anonymous_6)
FNDA:5,(anonymous_7)
FNDA:1,(anonymous_8)
FNDA:3,(anonymous_9)
FNDA:5,(anonymous_10)
FNDA:0,(anonymous_11)
FNDA:0,(anonymous_12)
FNDA:0,(anonymous_13)
FNDA:0,(anonymous_14)
FNDA:3,(anonymous_15)
FNDA:1,(anonymous_16)
FNDA:6,(anonymous_17)
FNDA:2,(anonymous_18)
FNDA:4,(anonymous_19)
FNDA:2,(anonymous_20)
FNDA:3,(anonymous_21)
FNDA:1,(anonymous_22)
FNDA:0,(anonymous_23)
FNDA:8,(anonymous_24)
FNDA:1,(anonymous_25)
FNDA:20,(anonymous_26)
DA:19,19
DA:20,19
DA:21,19
DA:22,19
DA:23,19
DA:24,19
DA:25,19
DA:26,19
DA:27,19
DA:30,19
DA:31,19
DA:38,12
DA:46,12
DA:53,1
DA:60,8
DA:61,8
DA:62,8
DA:63,8
DA:64,8
DA:65,8
DA:72,21
DA:79,7
DA:81,7
DA:82,7
DA:83,7
DA:86,7
DA:87,7
DA:90,7
DA:91,7
DA:92,0
DA:93,0
DA:97,7
DA:98,7
DA:99,0
DA:100,0
DA:104,7
DA:105,7
DA:106,0
DA:107,0
DA:111,7
DA:118,7
DA:119,5
DA:121,5
DA:124,1
DA:125,1
DA:128,3
DA:129,3
DA:132,1
DA:133,1
DA:137,5
DA:140,5
DA:148,1
DA:149,1
DA:152,1
DA:159,3
DA:160,3
DA:163,3
DA:164,3
DA:171,5
DA:173,0
DA:174,0
DA:177,0
DA:184,0
DA:192,0
DA:199,0
DA:207,0
DA:214,0
DA:222,0
DA:229,0
DA:230,0
DA:231,0
DA:233,0
DA:242,3
DA:249,1
DA:250,1
DA:251,1
DA:259,6
DA:262,6
DA:263,2
DA:271,4
DA:284,2
DA:297,3
DA:298,3
DA:299,3
DA:306,1
DA:307,0
DA:308,0
DA:309,0
DA:310,0
DA:314,1
DA:321,8
DA:328,1
DA:329,1
DA:330,1
DA:338,20
DA:339,20
DA:340,20
LF:97
LH:74
BRDA:29,0,0,0
BRDA:37,1,0,8
BRDA:79,2,0,0
BRDA:79,2,1,7
BRDA:91,3,0,0
BRDA:91,3,1,7
BRDA:98,4,0,0
BRDA:98,4,1,7
BRDA:105,5,0,0
BRDA:105,5,1,7
BRDA:121,6,0,1
BRDA:121,6,1,3
BRDA:121,6,2,1
BRDA:171,7,0,5
BRDA:171,7,1,0
BRDA:250,8,0,1
BRDA:250,8,1,0
BRDA:296,9,0,0
BRDA:307,10,0,0
BRDA:307,10,1,0
BRDA:309,11,0,0
BRDA:309,11,1,0
BRDA:329,12,0,1
BRDA:329,12,1,0
BRF:24
BRH:11
end_of_record
TN:
SF:src/utils/PerformanceMonitor.ts
FN:44,(anonymous_0)
FN:63,(anonymous_1)
FN:81,(anonymous_2)
FN:97,(anonymous_3)
FN:123,(anonymous_4)
FN:124,(anonymous_5)
FN:140,(anonymous_6)
FN:147,(anonymous_7)
FN:157,(anonymous_8)
FN:166,(anonymous_9)
FN:177,(anonymous_10)
FN:202,(anonymous_11)
FN:232,(anonymous_12)
FN:251,(anonymous_13)
FN:270,(anonymous_14)
FN:285,(anonymous_15)
FN:292,(anonymous_16)
FN:303,(anonymous_17)
FN:305,(anonymous_18)
FN:317,(anonymous_19)
FN:327,(anonymous_20)
FNF:21
FNH:18
FNDA:67,(anonymous_0)
FNDA:16,(anonymous_1)
FNDA:19,(anonymous_2)
FNDA:164,(anonymous_3)
FNDA:187,(anonymous_4)
FNDA:11220,(anonymous_5)
FNDA:66,(anonymous_6)
FNDA:1,(anonymous_7)
FNDA:2,(anonymous_8)
FNDA:1,(anonymous_9)
FNDA:2,(anonymous_10)
FNDA:164,(anonymous_11)
FNDA:2,(anonymous_12)
FNDA:0,(anonymous_13)
FNDA:0,(anonymous_14)
FNDA:16,(anonymous_15)
FNDA:0,(anonymous_16)
FNDA:166,(anonymous_17)
FNDA:106,(anonymous_18)
FNDA:1,(anonymous_19)
FNDA:1,(anonymous_20)
DA:29,67
DA:30,67
DA:31,67
DA:32,67
DA:33,67
DA:34,67
DA:35,67
DA:36,67
DA:37,67
DA:40,67
DA:41,67
DA:42,67
DA:45,67
DA:57,67
DA:64,16
DA:66,16
DA:67,16
DA:68,16
DA:71,16
DA:72,16
DA:75,16
DA:82,19
DA:84,14
DA:86,14
DA:87,0
DA:88,0
DA:91,14
DA:98,164
DA:100,164
DA:101,164
DA:102,164
DA:105,164
DA:106,164
DA:107,164
DA:111,164
DA:114,164
DA:117,164
DA:124,11220
DA:125,187
DA:127,187
DA:141,66
DA:148,1
DA:149,1
DA:150,1
DA:158,2
DA:159,2
DA:160,2
DA:167,1
DA:168,1
DA:169,1
DA:170,1
DA:171,1
DA:178,2
DA:179,2
DA:181,2
DA:182,1
DA:183,1
DA:184,1
DA:187,2
DA:188,0
DA:189,0
DA:192,2
DA:193,0
DA:196,2
DA:203,164
DA:205,104
DA:206,104
DA:208,5
DA:211,5
DA:212,2
DA:213,2
DA:217,3
DA:218,0
DA:219,0
DA:223,5
DA:224,0
DA:225,0
DA:233,2
DA:234,2
DA:236,2
DA:237,2
DA:238,2
DA:240,2
DA:241,2
DA:244,2
DA:252,0
DA:253,0
DA:255,0
DA:256,0
DA:257,0
DA:259,0
DA:260,0
DA:263,0
DA:271,0
DA:274,0
DA:275,0
DA:279,0
DA:287,16
DA:288,14
DA:289,14
DA:292,2
DA:293,0
DA:294,0
DA:295,0
DA:304,166
DA:305,166
DA:306,106
DA:307,106
DA:309,1
DA:318,1
DA:319,1
DA:328,1
LF:112
LH:88
BRDA:44,0,0,1
BRDA:64,1,0,0
BRDA:64,1,1,16
BRDA:71,2,0,16
BRDA:71,2,1,0
BRDA:82,3,0,5
BRDA:82,3,1,14
BRDA:86,4,0,0
BRDA:86,4,1,14
BRDA:98,5,0,0
BRDA:98,5,1,164
BRDA:106,6,0,164
BRDA:106,6,1,0
BRDA:130,7,0,181
BRDA:130,7,1,6
BRDA:149,8,0,1
BRDA:149,8,1,0
BRDA:181,9,0,1
BRDA:181,9,1,1
BRDA:187,10,0,0
BRDA:187,10,1,2
BRDA:192,11,0,0
BRDA:192,11,1,2
BRDA:203,12,0,60
BRDA:203,12,1,104
BRDA:206,13,0,99
BRDA:206,13,1,5
BRDA:211,14,0,2
BRDA:211,14,1,3
BRDA:211,15,0,5
BRDA:211,15,1,2
BRDA:217,16,0,0
BRDA:217,16,1,3
BRDA:217,17,0,3
BRDA:217,17,1,0
BRDA:223,18,0,0
BRDA:223,18,1,5
BRDA:223,19,0,5
BRDA:223,19,1,5
BRDA:236,20,0,2
BRDA:236,20,1,0
BRDA:255,21,0,0
BRDA:255,21,1,0
BRDA:274,22,0,0
BRDA:274,22,1,0
BRDA:274,23,0,0
BRDA:274,23,1,0
BRDA:287,24,0,14
BRDA:287,24,1,2
BRDA:293,25,0,0
BRDA:293,25,1,0
BRDA:321,26,0,0
BRDA:321,26,1,1
BRF:53
BRH:32
end_of_record
TN:
SF:src/utils/PerformanceOptimizer.ts
FN:51,(anonymous_0)
FN:58,(anonymous_1)
FN:62,(anonymous_2)
FN:73,(anonymous_3)
FN:88,(anonymous_4)
FN:106,(anonymous_5)
FN:129,(anonymous_6)
FN:146,(anonymous_7)
FN:158,(anonymous_8)
FN:182,(anonymous_9)
FN:196,(anonymous_10)
FN:203,(anonymous_11)
FN:210,(anonymous_12)
FN:236,(anonymous_13)
FN:246,(anonymous_14)
FN:254,(anonymous_15)
FN:255,(anonymous_16)
FN:256,(anonymous_17)
FN:257,(anonymous_18)
FN:272,(anonymous_19)
FN:280,(anonymous_20)
FNF:21
FNH:0
FNDA:0,(anonymous_0)
FNDA:0,(anonymous_1)
FNDA:0,(anonymous_2)
FNDA:0,(anonymous_3)
FNDA:0,(anonymous_4)
FNDA:0,(anonymous_5)
FNDA:0,(anonymous_6)
FNDA:0,(anonymous_7)
FNDA:0,(anonymous_8)
FNDA:0,(anonymous_9)
FNDA:0,(anonymous_10)
FNDA:0,(anonymous_11)
FNDA:0,(anonymous_12)
FNDA:0,(anonymous_13)
FNDA:0,(anonymous_14)
FNDA:0,(anonymous_15)
FNDA:0,(anonymous_16)
FNDA:0,(anonymous_17)
FNDA:0,(anonymous_18)
FNDA:0,(anonymous_19)
FNDA:0,(anonymous_20)
DA:28,0
DA:36,0
DA:44,0
DA:45,0
DA:46,0
DA:47,0
DA:48,0
DA:49,0
DA:52,0
DA:59,0
DA:61,0
DA:62,0
DA:63,0
DA:64,0
DA:67,0
DA:74,0
DA:76,0
DA:77,0
DA:78,0
DA:79,0
DA:82,0
DA:89,0
DA:90,0
DA:92,0
DA:93,0
DA:96,0
DA:97,0
DA:98,0
DA:99,0
DA:107,0
DA:110,0
DA:111,0
DA:112,0
DA:116,0
DA:117,0
DA:120,0
DA:121,0
DA:122,0
DA:130,0
DA:131,0
DA:135,0
DA:140,0
DA:141,0
DA:142,0
DA:143,0
DA:145,0
DA:146,0
DA:148,0
DA:149,0
DA:150,0
DA:159,0
DA:161,0
DA:163,0
DA:165,0
DA:166,0
DA:168,0
DA:169,0
DA:171,0
DA:172,0
DA:175,0
DA:176,0
DA:183,0
DA:185,0
DA:189,0
DA:190,0
DA:197,0
DA:204,0
DA:211,0
DA:212,0
DA:214,0
DA:215,0
DA:218,0
DA:219,0
DA:222,0
DA:223,0
DA:226,0
DA:227,0
DA:230,0
DA:237,0
DA:238,0
DA:239,0
DA:252,0
DA:253,0
DA:254,0
DA:255,0
DA:256,0
DA:257,0
DA:261,0
DA:273,0
DA:274,0
DA:281,0
DA:282,0
LF:92
LH:0
BRDA:59,0,0,0
BRDA:59,0,1,0
BRDA:74,1,0,0
BRDA:74,1,1,0
BRDA:77,2,0,0
BRDA:77,2,1,0
BRDA:96,3,0,0
BRDA:96,3,1,0
BRDA:110,4,0,0
BRDA:110,4,1,0
BRDA:121,5,0,0
BRDA:121,5,1,0
BRDA:135,6,0,0
BRDA:135,6,1,0
BRDA:135,6,2,0
BRDA:135,6,3,0
BRDA:140,7,0,0
BRDA:140,7,1,0
BRDA:140,8,0,0
BRDA:140,8,1,0
BRDA:143,9,0,0
BRDA:143,9,1,0
BRDA:143,10,0,0
BRDA:143,10,1,0
BRDA:148,11,0,0
BRDA:148,11,1,0
BRDA:163,12,0,0
BRDA:163,12,1,0
BRDA:163,12,2,0
BRDA:185,13,0,0
BRDA:185,13,1,0
BRDA:214,14,0,0
BRDA:214,14,1,0
BRDA:218,15,0,0
BRDA:218,15,1,0
BRDA:222,16,0,0
BRDA:222,16,1,0
BRDA:226,17,0,0
BRDA:226,17,1,0
BRDA:237,18,0,0
BRDA:237,18,1,0
BRDA:237,19,0,0
BRDA:237,19,1,0
BRDA:254,20,0,0
BRDA:254,20,1,0
BRDA:255,21,0,0
BRDA:255,21,1,0
BRDA:256,22,0,0
BRDA:256,22,1,0
BRDA:257,23,0,0
BRDA:257,23,1,0
BRF:51
BRH:0
end_of_record
TN:
SF:src/utils/QuoteManager.ts
FN:33,(anonymous_0)
FN:62,(anonymous_1)
FN:77,(anonymous_2)
FN:101,(anonymous_3)
FN:122,(anonymous_4)
FN:123,(anonymous_5)
FN:141,(anonymous_6)
FN:155,(anonymous_7)
FN:162,(anonymous_8)
FN:163,(anonymous_9)
FN:169,(anonymous_10)
FN:183,(anonymous_11)
FN:190,(anonymous_12)
FN:214,(anonymous_13)
FN:221,(anonymous_14)
FN:228,(anonymous_15)
FN:229,(anonymous_16)
FN:235,(anonymous_17)
FN:236,(anonymous_18)
FN:242,(anonymous_19)
FN:244,(anonymous_20)
FN:247,(anonymous_21)
FN:254,(anonymous_22)
FN:261,(anonymous_23)
FN:275,(anonymous_24)
FN:282,(anonymous_25)
FN:289,(anonymous_26)
FN:302,(anonymous_27)
FN:313,(anonymous_28)
FN:318,(anonymous_29)
FN:323,(anonymous_30)
FN:328,(anonymous_31)
FN:337,(anonymous_32)
FN:339,(anonymous_33)
FN:351,(anonymous_34)
FN:368,(anonymous_35)
FNF:36
FNH:36
FNDA:37,(anonymous_0)
FNDA:20,(anonymous_1)
FNDA:10,(anonymous_2)
FNDA:4,(anonymous_3)
FNDA:2,(anonymous_4)
FNDA:5,(anonymous_5)
FNDA:10,(anonymous_6)
FNDA:3,(anonymous_7)
FNDA:1,(anonymous_8)
FNDA:3,(anonymous_9)
FNDA:5,(anonymous_10)
FNDA:3,(anonymous_11)
FNDA:6,(anonymous_12)
FNDA:4,(anonymous_13)
FNDA:1,(anonymous_14)
FNDA:1,(anonymous_15)
FNDA:3,(anonymous_16)
FNDA:1,(anonymous_17)
FNDA:3,(anonymous_18)
FNDA:4,(anonymous_19)
FNDA:12,(anonymous_20)
FNDA:13,(anonymous_21)
FNDA:2,(anonymous_22)
FNDA:3,(anonymous_23)
FNDA:3,(anonymous_24)
FNDA:5,(anonymous_25)
FNDA:1,(anonymous_26)
FNDA:1,(anonymous_27)
FNDA:44,(anonymous_28)
FNDA:15,(anonymous_29)
FNDA:5,(anonymous_30)
FNDA:5,(anonymous_31)
FNDA:48,(anonymous_32)
FNDA:133,(anonymous_33)
FNDA:36,(anonymous_34)
FNDA:37,(anonymous_35)
DA:31,37
DA:34,37
DA:35,37
DA:44,37
DA:45,37
DA:54,37
DA:55,37
DA:56,37
DA:63,20
DA:64,1
DA:67,19
DA:71,19
DA:78,10
DA:79,1
DA:82,9
DA:85,9
DA:86,0
DA:89,9
DA:90,9
DA:91,1
DA:94,9
DA:95,9
DA:102,4
DA:103,1
DA:106,3
DA:110,3
DA:111,3
DA:112,0
DA:115,3
DA:116,3
DA:123,5
DA:124,2
DA:125,1
DA:128,1
DA:129,1
DA:130,1
DA:131,0
DA:134,1
DA:135,1
DA:142,10
DA:143,1
DA:145,9
DA:148,10
DA:149,10
DA:156,3
DA:163,3
DA:170,5
DA:171,5
DA:173,5
DA:174,4
DA:177,5
DA:184,3
DA:196,6
DA:197,6
DA:198,6
DA:200,6
DA:201,6
DA:204,6
DA:205,2
DA:208,6
DA:215,4
DA:222,1
DA:229,3
DA:236,3
DA:243,4
DA:244,4
DA:245,12
DA:247,13
DA:255,2
DA:262,3
DA:263,1
DA:266,2
DA:267,2
DA:268,2
DA:276,3
DA:283,5
DA:290,1
DA:292,1
DA:293,1
DA:296,1
DA:303,1
DA:304,1
DA:305,1
DA:306,1
DA:307,1
DA:314,44
DA:317,44
DA:318,15
DA:322,44
DA:323,5
DA:327,44
DA:328,5
DA:331,44
DA:338,48
DA:339,133
DA:342,48
DA:343,86
DA:344,86
DA:352,36
DA:353,36
DA:359,36
DA:361,1
DA:369,37
DA:370,37
DA:371,37
DA:372,2
DA:373,1
DA:379,1
DA:381,36
LF:109
LH:106
BRDA:33,0,0,36
BRDA:47,1,0,1
BRDA:47,1,1,36
BRDA:48,2,0,37
BRDA:48,2,1,36
BRDA:63,3,0,1
BRDA:63,3,1,19
BRDA:67,4,0,2
BRDA:67,4,1,17
BRDA:71,5,0,19
BRDA:71,5,1,0
BRDA:78,6,0,1
BRDA:78,6,1,9
BRDA:85,7,0,0
BRDA:85,7,1,9
BRDA:85,8,0,9
BRDA:85,8,1,1
BRDA:90,9,0,1
BRDA:90,9,1,8
BRDA:90,10,0,9
BRDA:90,10,1,9
BRDA:102,11,0,1
BRDA:102,11,1,3
BRDA:106,12,0,1
BRDA:106,12,1,2
BRDA:111,13,0,0
BRDA:111,13,1,3
BRDA:111,14,0,3
BRDA:111,14,1,3
BRDA:124,15,0,1
BRDA:124,15,1,1
BRDA:130,16,0,0
BRDA:130,16,1,1
BRDA:130,17,0,1
BRDA:130,17,1,1
BRDA:142,18,0,1
BRDA:142,18,1,9
BRDA:173,19,0,4
BRDA:173,19,1,1
BRDA:198,20,0,6
BRDA:198,20,1,4
BRDA:204,21,0,2
BRDA:204,21,1,4
BRDA:245,22,0,12
BRDA:245,22,1,8
BRDA:245,22,2,7
BRDA:262,23,0,1
BRDA:262,23,1,2
BRDA:267,24,0,2
BRDA:267,24,1,0
BRDA:292,25,0,1
BRDA:292,25,1,0
BRDA:293,26,0,1
BRDA:293,26,1,0
BRDA:317,27,0,5
BRDA:317,27,1,39
BRDA:322,28,0,2
BRDA:322,28,1,42
BRDA:327,29,0,2
BRDA:327,29,1,42
BRDA:371,30,0,2
BRDA:371,30,1,35
BRDA:375,31,0,1
BRDA:375,31,1,0
BRF:64
BRH:56
end_of_record
TN:
SF:src/utils/TerminalCursor.ts
FN:51,(anonymous_0)
FN:57,(anonymous_1)
FN:77,(anonymous_2)
FN:95,(anonymous_3)
FN:99,(anonymous_4)
FN:119,(anonymous_5)
FN:124,(anonymous_6)
FN:151,(anonymous_7)
FN:163,(anonymous_8)
FN:174,(anonymous_9)
FN:206,(anonymous_10)
FN:224,(anonymous_11)
FN:253,(anonymous_12)
FN:270,(anonymous_13)
FN:274,(anonymous_14)
FN:284,(anonymous_15)
FN:294,(anonymous_16)
FN:309,(anonymous_17)
FN:321,(anonymous_18)
FN:334,(anonymous_19)
FNF:20
FNH:19
FNDA:28,(anonymous_0)
FNDA:23,(anonymous_1)
FNDA:23,(anonymous_2)
FNDA:23,(anonymous_3)
FNDA:28,(anonymous_4)
FNDA:27,(anonymous_5)
FNDA:25,(anonymous_6)
FNDA:5,(anonymous_7)
FNDA:4,(anonymous_8)
FNDA:4,(anonymous_9)
FNDA:4,(anonymous_10)
FNDA:29,(anonymous_11)
FNDA:29,(anonymous_12)
FNDA:8,(anonymous_13)
FNDA:0,(anonymous_14)
FNDA:4,(anonymous_15)
FNDA:24,(anonymous_16)
FNDA:1,(anonymous_17)
FNDA:33,(anonymous_18)
FNDA:14,(anonymous_19)
DA:16,28
DA:17,28
DA:18,28
DA:19,28
DA:20,28
DA:21,28
DA:22,28
DA:23,28
DA:24,28
DA:46,28
DA:47,28
DA:48,28
DA:49,28
DA:52,28
DA:53,28
DA:54,28
DA:58,23
DA:59,23
DA:60,23
DA:61,23
DA:62,23
DA:63,23
DA:66,23
DA:67,23
DA:68,23
DA:71,23
DA:74,23
DA:78,23
DA:80,0
DA:83,23
DA:84,23
DA:91,23
DA:92,23
DA:96,23
DA:100,28
DA:103,27
DA:104,27
DA:105,25
DA:106,25
DA:110,27
DA:111,27
DA:113,27
DA:114,25
DA:115,25
DA:119,27
DA:120,27
DA:125,25
DA:126,25
DA:128,0
DA:129,0
DA:131,0
DA:135,25
DA:136,25
DA:139,25
DA:140,2
DA:141,23
DA:142,1
DA:146,0
DA:147,0
DA:153,5
DA:154,5
DA:156,5
DA:159,4
DA:161,4
DA:163,4
DA:164,4
DA:165,4
DA:166,4
DA:171,4
DA:176,4
DA:178,4
DA:179,9
DA:180,9
DA:183,9
DA:184,8
DA:187,9
DA:188,9
DA:192,4
DA:193,3
DA:194,3
DA:195,3
DA:199,4
DA:200,0
DA:201,0
DA:202,0
DA:207,4
DA:210,4
DA:211,4
DA:213,4
DA:214,59
DA:218,4
DA:219,4
DA:220,245
DA:225,29
DA:227,27
DA:228,27
DA:229,27
DA:230,27
DA:232,0
DA:233,0
DA:234,0
DA:235,0
DA:237,1
DA:238,1
DA:239,1
DA:240,1
DA:242,1
DA:243,1
DA:244,1
DA:245,1
DA:247,0
DA:248,0
DA:249,0
DA:254,29
DA:256,1
DA:257,1
DA:258,1
DA:260,27
DA:261,27
DA:262,27
DA:264,1
DA:265,1
DA:266,1
DA:271,8
DA:275,0
DA:276,0
DA:277,0
DA:278,0
DA:279,0
DA:280,0
DA:285,4
DA:286,4
DA:287,0
DA:288,0
DA:289,0
DA:290,0
DA:295,24
DA:296,24
DA:297,1
DA:300,1
DA:301,0
DA:305,1
DA:310,1
DA:312,1
DA:313,1
DA:316,1
DA:317,1
DA:322,33
DA:323,33
DA:324,33
DA:325,33
DA:326,33
DA:327,33
DA:328,33
DA:335,14
LF:155
LH:128
BRDA:53,0,0,28
BRDA:53,0,1,1
BRDA:54,1,0,28
BRDA:54,1,1,1
BRDA:66,2,0,23
BRDA:66,2,1,23
BRDA:66,3,0,23
BRDA:66,3,1,23
BRDA:78,4,0,0
BRDA:78,4,1,23
BRDA:100,5,0,1
BRDA:100,5,1,27
BRDA:104,6,0,25
BRDA:104,6,1,2
BRDA:113,7,0,25
BRDA:113,7,1,2
BRDA:113,8,0,27
BRDA:113,8,1,25
BRDA:126,9,0,0
BRDA:126,9,1,25
BRDA:126,10,0,25
BRDA:126,10,1,25
BRDA:128,11,0,0
BRDA:128,11,1,0
BRDA:128,12,0,0
BRDA:128,12,1,0
BRDA:135,13,0,25
BRDA:135,13,1,0
BRDA:139,14,0,2
BRDA:139,14,1,23
BRDA:141,15,0,1
BRDA:141,15,1,22
BRDA:156,16,0,1
BRDA:156,16,1,4
BRDA:165,17,0,4
BRDA:165,17,1,0
BRDA:165,18,0,4
BRDA:165,18,1,4
BRDA:178,19,0,13
BRDA:178,19,1,9
BRDA:183,20,0,8
BRDA:183,20,1,1
BRDA:192,21,0,3
BRDA:192,21,1,1
BRDA:192,22,0,4
BRDA:192,22,1,4
BRDA:192,22,2,4
BRDA:199,23,0,0
BRDA:199,23,1,4
BRDA:199,24,0,4
BRDA:199,24,1,0
BRDA:207,25,0,0
BRDA:207,25,1,4
BRDA:225,26,0,27
BRDA:225,26,1,0
BRDA:225,26,2,1
BRDA:225,26,3,1
BRDA:225,26,4,0
BRDA:254,27,0,1
BRDA:254,27,1,27
BRDA:254,27,2,1
BRDA:275,28,0,0
BRDA:275,28,1,0
BRDA:275,28,2,0
BRDA:275,28,3,0
BRDA:275,28,4,0
BRDA:275,29,0,0
BRDA:275,29,1,0
BRDA:285,30,0,4
BRDA:285,30,1,0
BRDA:285,30,2,0
BRDA:285,30,3,0
BRDA:285,30,4,0
BRDA:285,31,0,4
BRDA:285,31,1,0
BRDA:296,32,0,1
BRDA:296,32,1,23
BRDA:312,33,0,1
BRDA:312,33,1,0
BRDA:316,34,0,1
BRDA:316,34,1,0
BRDA:340,35,0,14
BRDA:340,35,1,1
BRDA:341,36,0,14
BRDA:341,36,1,1
BRF:85
BRH:58
end_of_record
TN:
SF:src/utils/TransitionManager.ts
FN:12,(anonymous_0)
FN:26,(anonymous_1)
FN:54,(anonymous_2)
FN:83,(anonymous_3)
FN:113,(anonymous_4)
FN:131,(anonymous_5)
FN:163,(anonymous_6)
FN:173,(anonymous_7)
FN:192,(anonymous_8)
FN:219,(anonymous_9)
FN:240,(anonymous_10)
FN:268,(anonymous_11)
FN:285,(anonymous_12)
FN:306,(anonymous_13)
FN:324,(anonymous_14)
FN:331,(anonymous_15)
FN:338,(anonymous_16)
FNF:17
FNH:11
FNDA:54,(anonymous_0)
FNDA:11,(anonymous_1)
FNDA:2,(anonymous_2)
FNDA:11,(anonymous_3)
FNDA:0,(anonymous_4)
FNDA:2,(anonymous_5)
FNDA:2,(anonymous_6)
FNDA:2,(anonymous_7)
FNDA:0,(anonymous_8)
FNDA:0,(anonymous_9)
FNDA:0,(anonymous_10)
FNDA:0,(anonymous_11)
FNDA:0,(anonymous_12)
FNDA:1,(anonymous_13)
FNDA:8,(anonymous_14)
FNDA:4,(anonymous_15)
FNDA:1,(anonymous_16)
DA:7,54
DA:8,54
DA:9,54
DA:10,54
DA:13,54
DA:14,54
DA:15,54
DA:32,11
DA:35,11
DA:36,0
DA:40,11
DA:55,2
DA:56,0
DA:59,2
DA:60,2
DA:61,2
DA:64,2
DA:65,0
DA:69,2
DA:72,2
DA:73,0
DA:74,0
DA:77,2
DA:85,11
DA:86,11
DA:87,11
DA:88,11
DA:91,11
DA:92,11
DA:93,11
DA:94,11
DA:97,11
DA:98,0
DA:99,0
DA:100,0
DA:103,11
DA:104,0
DA:105,0
DA:106,0
DA:114,0
DA:115,0
DA:118,0
DA:119,0
DA:122,0
DA:125,0
DA:133,2
DA:134,2
DA:136,2
DA:138,2
DA:140,2
DA:141,2
DA:143,0
DA:144,0
DA:146,0
DA:147,0
DA:149,0
DA:150,0
DA:152,0
DA:153,0
DA:155,0
DA:156,0
DA:165,2
DA:175,2
DA:176,2
DA:177,2
DA:181,2
DA:182,2
DA:183,2
DA:186,2
DA:193,0
DA:195,0
DA:196,0
DA:198,0
DA:200,0
DA:201,0
DA:202,0
DA:203,0
DA:205,0
DA:207,0
DA:208,0
DA:209,0
DA:210,0
DA:213,0
DA:220,0
DA:223,0
DA:224,0
DA:225,0
DA:229,0
DA:230,0
DA:231,0
DA:234,0
DA:241,0
DA:242,0
DA:245,0
DA:246,0
DA:247,0
DA:248,0
DA:252,0
DA:253,0
DA:254,0
DA:255,0
DA:256,0
DA:269,0
DA:272,0
DA:273,0
DA:277,0
DA:278,0
DA:286,0
DA:287,0
DA:289,0
DA:290,0
DA:291,0
DA:292,0
DA:294,0
DA:295,0
DA:296,0
DA:297,0
DA:300,0
DA:307,1
DA:315,1
DA:316,1
DA:317,1
DA:318,1
DA:325,8
DA:332,4
DA:339,1
DA:340,1
LF:127
LH:51
BRDA:35,0,0,0
BRDA:35,0,1,11
BRDA:35,1,0,11
BRDA:35,1,1,11
BRDA:55,2,0,0
BRDA:55,2,1,2
BRDA:60,3,0,2
BRDA:60,3,1,2
BRDA:64,4,0,0
BRDA:64,4,1,2
BRDA:72,5,0,0
BRDA:72,5,1,2
BRDA:97,6,0,0
BRDA:97,6,1,11
BRDA:103,7,0,0
BRDA:103,7,1,11
BRDA:138,8,0,2
BRDA:138,8,1,0
BRDA:138,8,2,0
BRDA:138,8,3,0
BRDA:138,8,4,0
BRDA:138,8,5,0
BRDA:165,9,0,0
BRDA:165,9,1,2
BRDA:175,10,0,2
BRDA:175,10,1,0
BRDA:181,11,0,2
BRDA:181,11,1,0
BRDA:193,12,0,0
BRDA:193,12,1,0
BRDA:193,13,0,0
BRDA:193,13,1,0
BRDA:198,14,0,0
BRDA:198,14,1,0
BRDA:198,15,0,0
BRDA:198,15,1,0
BRDA:223,16,0,0
BRDA:223,16,1,0
BRDA:229,17,0,0
BRDA:229,17,1,0
BRDA:245,18,0,0
BRDA:245,18,1,0
BRDA:245,19,0,0
BRDA:245,19,1,0
BRDA:247,20,0,0
BRDA:247,20,1,0
BRDA:252,21,0,0
BRDA:252,21,1,0
BRDA:253,22,0,0
BRDA:253,22,1,0
BRDA:272,23,0,0
BRDA:272,23,1,0
BRDA:277,24,0,0
BRDA:277,24,1,0
BRDA:294,25,0,0
BRDA:294,25,1,0
BRDA:294,26,0,0
BRDA:294,26,1,0
BRDA:296,27,0,0
BRDA:296,27,1,0
BRDA:296,28,0,0
BRDA:296,28,1,0
BRDA:339,29,0,1
BRDA:339,29,1,0
BRF:64
BRH:15
end_of_record
TN:
SF:src/utils/example.ts
FN:12,createExampleEngine
FN:31,startExampleAnimation
FN:51,demonstratePatternSwitching
FN:55,(anonymous_3)
FN:76,cleanupExample
FNF:5
FNH:0
FNDA:0,createExampleEngine
FNDA:0,startExampleAnimation
FNDA:0,demonstratePatternSwitching
FNDA:0,(anonymous_3)
FNDA:0,cleanupExample
DA:14,0
DA:23,0
DA:25,0
DA:33,0
DA:40,0
DA:43,0
DA:45,0
DA:52,0
DA:53,0
DA:55,0
DA:56,0
DA:57,0
DA:63,0
DA:64,0
DA:68,0
DA:70,0
DA:77,0
DA:78,0
DA:79,0
LF:19
LH:0
BRDA:58,0,0,0
BRDA:58,0,1,0
BRDA:59,1,0,0
BRDA:59,1,1,0
BRDA:59,2,0,0
BRDA:59,2,1,0
BRF:6
BRH:0
end_of_record
